\BOOKMARK [0][-]{Doc-Start}{\376\377\000H\000A\000L\000A\000M\000A\000N\000\040\000P\000E\000N\000G\000E\000S\000A\000H\000A\000N}{}% 1
\BOOKMARK [0][-]{table.caption.1}{\376\377\000H\000A\000L\000A\000M\000A\000N\000\040\000P\000E\000R\000N\000Y\000A\000T\000A\000A\000N\000\040\000B\000E\000B\000A\000S\000\040\000P\000L\000A\000G\000I\000A\000S\000I}{}% 2
\BOOKMARK [0][-]{section*.3}{\376\377\000H\000A\000L\000A\000M\000A\000N\000\040\000M\000O\000T\000T\000O}{}% 3
\BOOKMARK [0][-]{section*.4}{\376\377\000K\000A\000T\000A\000\040\000P\000E\000N\000G\000A\000N\000T\000A\000R}{}% 4
\BOOKMARK [0][-]{section*.5}{\376\377\000D\000A\000F\000T\000A\000R\000\040\000I\000S\000I}{}% 5
\BOOKMARK [0][-]{section*.6}{\376\377\000D\000A\000F\000T\000A\000R\000\040\000G\000A\000M\000B\000A\000R}{}% 6
\BOOKMARK [0][-]{section*.7}{\376\377\000D\000A\000F\000T\000A\000R\000\040\000T\000A\000B\000E\000L}{}% 7
\BOOKMARK [0][-]{section*.8}{\376\377\000D\000A\000F\000T\000A\000R\000\040\000S\000I\000N\000G\000K\000A\000T\000A\000N}{}% 8
\BOOKMARK [0][-]{section*.9}{\376\377\000I\000N\000T\000I\000S\000A\000R\000I}{}% 9
\BOOKMARK [0][-]{section*.10}{\376\377\000A\000B\000S\000T\000R\000A\000C\000T}{}% 10
\BOOKMARK [0][-]{chapter.1}{\376\377\000P\000E\000N\000D\000A\000H\000U\000L\000U\000A\000N}{}% 11
\BOOKMARK [1][-]{section.1.1}{\376\377\000L\000a\000t\000a\000r\000\040\000B\000e\000l\000a\000k\000a\000n\000g}{chapter.1}% 12
\BOOKMARK [1][-]{section.1.2}{\376\377\000R\000u\000m\000u\000s\000a\000n\000\040\000M\000a\000s\000a\000l\000a\000h}{chapter.1}% 13
\BOOKMARK [1][-]{section.1.3}{\376\377\000B\000a\000t\000a\000s\000a\000n\000\040\000M\000a\000s\000a\000l\000a\000h}{chapter.1}% 14
\BOOKMARK [1][-]{section.1.4}{\376\377\000T\000u\000j\000u\000a\000n\000\040\000P\000e\000n\000e\000l\000i\000t\000i\000a\000n}{chapter.1}% 15
\BOOKMARK [1][-]{section.1.5}{\376\377\000M\000a\000n\000f\000a\000a\000t\000\040\000P\000e\000n\000e\000l\000i\000t\000i\000a\000n}{chapter.1}% 16
\BOOKMARK [1][-]{section.1.6}{\376\377\000S\000i\000s\000t\000e\000m\000a\000t\000i\000k\000a\000\040\000P\000e\000n\000u\000l\000i\000s\000a\000n}{chapter.1}% 17
\BOOKMARK [0][-]{chapter.2}{\376\377\000L\000A\000N\000D\000A\000S\000A\000N\000\040\000T\000E\000O\000R\000I}{}% 18
\BOOKMARK [1][-]{section.2.1}{\376\377\000T\000i\000n\000j\000a\000u\000a\000n\000\040\000P\000u\000s\000t\000a\000k\000a}{chapter.2}% 19
\BOOKMARK [2][-]{subsection.2.1.1}{\376\377\000S\000t\000u\000d\000i\000\040\000K\000a\000s\000u\000s\000\040\000L\000i\000b\000r\000a\000r\000y\000\040\000J\000a\000v\000a\000S\000c\000r\000i\000p\000t\000\040\000d\000a\000n\000\040\000V\000i\000s\000u\000a\000l\000i\000s\000a\000s\000i\000\040\000D\000a\000t\000a}{section.2.1}% 20
\BOOKMARK [2][-]{subsection.2.1.2}{\376\377\000S\000t\000u\000d\000i\000\040\000A\000n\000a\000l\000i\000s\000i\000s\000\040\000P\000e\000r\000b\000a\000n\000d\000i\000n\000g\000a\000n}{section.2.1}% 21
\BOOKMARK [1][-]{section.2.2}{\376\377\000D\000a\000s\000a\000r\000\040\000T\000e\000o\000r\000i}{chapter.2}% 22
\BOOKMARK [2][-]{subsection.2.2.1}{\376\377\000L\000a\000r\000a\000v\000e\000l}{section.2.2}% 23
\BOOKMARK [2][-]{subsection.2.2.2}{\376\377\000J\000a\000v\000a\000S\000c\000r\000i\000p\000t}{section.2.2}% 24
\BOOKMARK [2][-]{subsection.2.2.3}{\376\377\000L\000i\000b\000r\000a\000r\000y\000\040\000J\000a\000v\000a\000S\000c\000r\000i\000p\000t}{section.2.2}% 25
\BOOKMARK [2][-]{subsection.2.2.4}{\376\377\000C\000h\000a\000r\000t\000.\000j\000s}{section.2.2}% 26
\BOOKMARK [2][-]{subsection.2.2.5}{\376\377\000D\0003}{section.2.2}% 27
\BOOKMARK [2][-]{subsection.2.2.6}{\376\377\000H\000i\000g\000h\000c\000h\000a\000r\000t\000s}{section.2.2}% 28
\BOOKMARK [2][-]{subsection.2.2.7}{\376\377\000V\000i\000s\000u\000a\000l\000i\000s\000a\000s\000i}{section.2.2}% 29
\BOOKMARK [2][-]{subsection.2.2.8}{\376\377\000I\000o\000T}{section.2.2}% 30
\BOOKMARK [2][-]{subsection.2.2.9}{\376\377\000D\000a\000t\000a\000s\000e\000t}{section.2.2}% 31
\BOOKMARK [2][-]{subsection.2.2.10}{\376\377\000P\000e\000n\000g\000u\000j\000i\000a\000n\000\040\000P\000e\000r\000f\000o\000r\000m\000a}{section.2.2}% 32
\BOOKMARK [2][-]{subsection.2.2.11}{\376\377\000R\000a\000n\000d\000o\000m\000\040\000A\000c\000c\000e\000s\000s\000\040\000M\000e\000m\000o\000r\000y\000\050\000R\000A\000M\000\051}{section.2.2}% 33
\BOOKMARK [2][-]{subsection.2.2.12}{\376\377\000C\000h\000r\000o\000m\000e\000\040\000T\000a\000s\000k\000\040\000M\000a\000n\000a\000g\000e\000r}{section.2.2}% 34
\BOOKMARK [0][-]{chapter.3}{\376\377\000M\000E\000T\000O\000D\000O\000L\000O\000G\000I\000\040\000P\000E\000N\000E\000L\000I\000T\000I\000A\000N}{}% 35
\BOOKMARK [1][-]{section.3.1}{\376\377\000B\000a\000h\000a\000n}{chapter.3}% 36
\BOOKMARK [1][-]{section.3.2}{\376\377\000A\000l\000a\000t}{chapter.3}% 37
\BOOKMARK [2][-]{subsection.3.2.1}{\376\377\000P\000e\000r\000a\000n\000g\000k\000a\000t\000\040\000L\000u\000n\000a\000k}{section.3.2}% 38
\BOOKMARK [2][-]{subsection.3.2.2}{\376\377\000P\000e\000r\000a\000n\000g\000k\000a\000t\000\040\000K\000e\000r\000a\000s}{section.3.2}% 39
\BOOKMARK [1][-]{section.3.3}{\376\377\000T\000a\000h\000a\000p\000a\000n\000\040\000P\000r\000o\000y\000e\000k\000\040\000A\000k\000h\000i\000r}{chapter.3}% 40
\BOOKMARK [2][-]{subsection.3.3.1}{\376\377\000S\000t\000u\000d\000i\000\040\000L\000i\000t\000e\000r\000a\000t\000u\000r}{section.3.3}% 41
\BOOKMARK [2][-]{subsection.3.3.2}{\376\377\000P\000e\000r\000a\000n\000c\000a\000n\000g\000a\000n\000\040\000W\000e\000b\000s\000i\000t\000e}{section.3.3}% 42
\BOOKMARK [2][-]{subsection.3.3.3}{\376\377\000I\000m\000p\000l\000e\000m\000e\000n\000t\000a\000s\000i}{section.3.3}% 43
\BOOKMARK [2][-]{subsection.3.3.4}{\376\377\000E\000v\000a\000l\000u\000a\000s\000i}{section.3.3}% 44
\BOOKMARK [2][-]{subsection.3.3.5}{\376\377\000A\000n\000a\000l\000i\000s\000i\000s\000\040\000d\000a\000n\000\040\000K\000o\000m\000p\000a\000r\000a\000s\000i}{section.3.3}% 45
\BOOKMARK [0][-]{chapter.4}{\376\377\000H\000A\000S\000I\000L\000\040\000D\000A\000N\000\040\000P\000E\000M\000B\000A\000H\000A\000S\000A\000N}{}% 46
\BOOKMARK [1][-]{section.4.1}{\376\377\000P\000e\000r\000a\000n\000c\000a\000n\000g\000a\000n\000\040\000F\000r\000o\000n\000t\000\040\000E\000n\000d}{chapter.4}% 47
\BOOKMARK [2][-]{subsection.4.1.1}{\376\377\000H\000a\000l\000a\000m\000a\000n\000\040\000U\000t\000a\000m\000a}{section.4.1}% 48
\BOOKMARK [2][-]{subsection.4.1.2}{\376\377\000H\000a\000l\000a\000m\000a\000n\000\040\000V\000i\000s\000u\000a\000l\000i\000s\000a\000s\000i}{section.4.1}% 49
\BOOKMARK [1][-]{section.4.2}{\376\377\000I\000m\000p\000l\000e\000m\000e\000n\000t\000a\000s\000i\000\040\000L\000i\000b\000r\000a\000r\000y}{chapter.4}% 50
\BOOKMARK [2][-]{subsection.4.2.1}{\376\377\000I\000m\000p\000l\000e\000m\000e\000n\000t\000a\000s\000i\000\040\000P\000a\000d\000a\000\040\000C\000h\000a\000r\000t\000.\000j\000s}{section.4.2}% 51
\BOOKMARK [2][-]{subsection.4.2.2}{\376\377\000I\000m\000p\000l\000e\000m\000e\000n\000t\000a\000s\000i\000\040\000P\000a\000d\000a\000\040\000D\0003}{section.4.2}% 52
\BOOKMARK [2][-]{subsection.4.2.3}{\376\377\000I\000m\000p\000l\000e\000m\000e\000n\000t\000a\000s\000i\000\040\000P\000a\000d\000a\000\040\000H\000i\000g\000h\000c\000h\000a\000r\000t\000s}{section.4.2}% 53
\BOOKMARK [1][-]{section.4.3}{\376\377\000P\000e\000n\000g\000u\000k\000u\000r\000a\000n\000\040\000P\000e\000r\000f\000o\000r\000m\000a\000\040\000R\000e\000n\000d\000e\000r\000i\000n\000g}{chapter.4}% 54
\BOOKMARK [2][-]{subsection.4.3.1}{\376\377\000C\000h\000a\000r\000t\000.\000j\000s}{section.4.3}% 55
\BOOKMARK [2][-]{subsection.4.3.2}{\376\377\000D\0003}{section.4.3}% 56
\BOOKMARK [2][-]{subsection.4.3.3}{\376\377\000h\000i\000g\000h\000c\000h\000a\000r\000t\000s}{section.4.3}% 57
\BOOKMARK [1][-]{section.4.4}{\376\377\000P\000e\000n\000g\000u\000k\000u\000r\000a\000n\000\040\000P\000e\000n\000g\000g\000u\000n\000a\000a\000n\000\040\000C\000P\000U}{chapter.4}% 58
\BOOKMARK [2][-]{subsection.4.4.1}{\376\377\000C\000h\000a\000r\000t\000.\000j\000s}{section.4.4}% 59
\BOOKMARK [2][-]{subsection.4.4.2}{\376\377\000D\0003}{section.4.4}% 60
\BOOKMARK [2][-]{subsection.4.4.3}{\376\377\000H\000i\000g\000h\000c\000h\000a\000r\000t\000s}{section.4.4}% 61
\BOOKMARK [1][-]{section.4.5}{\376\377\000P\000e\000n\000g\000u\000k\000u\000r\000a\000n\000\040\000F\000o\000o\000t\000p\000r\000i\000n\000t\000\040\000M\000e\000m\000o\000r\000y}{chapter.4}% 62
\BOOKMARK [2][-]{subsection.4.5.1}{\376\377\000C\000h\000a\000r\000t\000.\000j\000s}{section.4.5}% 63
\BOOKMARK [2][-]{subsection.4.5.2}{\376\377\000D\0003}{section.4.5}% 64
\BOOKMARK [2][-]{subsection.4.5.3}{\376\377\000H\000i\000g\000h\000c\000h\000a\000r\000t\000s}{section.4.5}% 65
\BOOKMARK [1][-]{section.4.6}{\376\377\000A\000n\000a\000l\000i\000s\000i\000s\000\040\000S\000k\000a\000l\000a\000b\000i\000l\000i\000t\000a\000s}{chapter.4}% 66
\BOOKMARK [2][-]{subsection.4.6.1}{\376\377\000P\000e\000r\000f\000o\000r\000m\000a\000\040\000R\000e\000n\000d\000e\000r\000i\000n\000g}{section.4.6}% 67
\BOOKMARK [2][-]{subsection.4.6.2}{\376\377\000A\000l\000o\000k\000a\000s\000i\000\040\000C\000P\000U}{section.4.6}% 68
\BOOKMARK [2][-]{subsection.4.6.3}{\376\377\000A\000l\000o\000k\000a\000s\000i\000\040\000M\000e\000m\000o\000r\000i}{section.4.6}% 69
\BOOKMARK [0][-]{chapter.5}{\376\377\000P\000E\000N\000U\000T\000U\000P}{}% 70
\BOOKMARK [1][-]{section.5.1}{\376\377\000K\000e\000s\000i\000m\000p\000u\000l\000a\000n}{chapter.5}% 71
\BOOKMARK [1][-]{section.5.2}{\376\377\000S\000a\000r\000a\000n}{chapter.5}% 72
\BOOKMARK [0][-]{section*.91}{\376\377\000D\000A\000F\000T\000A\000R\000\040\000P\000U\000S\000T\000A\000K\000A}{}% 73
\BOOKMARK [0][-]{appendix*.93}{\376\377\000L\000A\000M\000P\000I\000R\000A\000N\000\040\000A}{}% 74
\BOOKMARK [1][-]{section.Alph0.1}{\376\377\000L\000e\000m\000b\000a\000r\000\040\000P\000e\000r\000b\000a\000i\000k\000a\000n\000\040\000P\000r\000o\000y\000e\000k\000\040\000A\000k\000h\000i\000r}{appendix*.93}% 75
\BOOKMARK [0][-]{appendix*.95}{\376\377\000L\000A\000M\000P\000I\000R\000A\000N\000\040\000B}{}% 76
\BOOKMARK [1][-]{section.Alph0.2}{\376\377\000D\000o\000k\000u\000m\000e\000n\000t\000a\000s\000i}{appendix*.95}% 77
