This is pdfTeX, Version 3.141592653-2.6-1.40.27 (MiKTeX 25.4) (preloaded format=pdflatex 2025.6.22)  24 JUN 2025 05:09
entering extended mode
 restricted \write18 enabled.
 %&-line parsing enabled.
**./laporan_PA.tex
(laporan_PA.tex
LaTeX2e <2025-06-01> patch level 1
L3 programming layer <2025-05-26>
(C:\Users\ASUS\AppData\Local\Programs\MiKTeX\tex/latex/base\report.cls
Document Class: report 2025/01/22 v1.4n Standard LaTeX document class
(C:\Users\ASUS\AppData\Local\Programs\MiKTeX\tex/latex/base\size12.clo
File: size12.clo 2025/01/22 v1.4n Standard LaTeX file (size option)
)
\c@part=\count275
\c@chapter=\count276
\c@section=\count277
\c@subsection=\count278
\c@subsubsection=\count279
\c@paragraph=\count280
\c@subparagraph=\count281
\c@figure=\count282
\c@table=\count283
\abovecaptionskip=\skip49
\belowcaptionskip=\skip50
\bibindent=\dimen148
)
(chapters/identitas.tex) (chapters/preambles.tex
(C:\Users\ASUS\AppData\Local\Programs\MiKTeX\tex/latex/tikz-cd\tikz-cd.sty
Package: tikz-cd 2021/05/04 v1.0 Commutative diagrams with TikZ

(C:\Users\ASUS\AppData\Local\Programs\MiKTeX\tex/latex/pgf/frontendlayer\tikz.s
ty
(C:\Users\ASUS\AppData\Local\Programs\MiKTeX\tex/latex/pgf/basiclayer\pgf.sty
(C:\Users\ASUS\AppData\Local\Programs\MiKTeX\tex/latex/pgf/utilities\pgfrcs.sty

(C:\Users\ASUS\AppData\Local\Programs\MiKTeX\tex/generic/pgf/utilities\pgfutil-
common.tex
\pgfutil@everybye=\toks17
\pgfutil@tempdima=\dimen149
\pgfutil@tempdimb=\dimen150
)
(C:\Users\ASUS\AppData\Local\Programs\MiKTeX\tex/generic/pgf/utilities\pgfutil-
latex.def
\pgfutil@abb=\box53
)
(C:\Users\ASUS\AppData\Local\Programs\MiKTeX\tex/generic/pgf/utilities\pgfrcs.c
ode.tex
(C:\Users\ASUS\AppData\Local\Programs\MiKTeX\tex/generic/pgf\pgf.revision.tex)
Package: pgfrcs 2023-01-15 v3.1.10 (3.1.10)
))
Package: pgf 2023-01-15 v3.1.10 (3.1.10)

(C:\Users\ASUS\AppData\Local\Programs\MiKTeX\tex/latex/pgf/basiclayer\pgfcore.s
ty (C:\Users\ASUS\AppData\Local\Programs\MiKTeX\tex/latex/graphics\graphicx.sty
Package: graphicx 2024/12/31 v1.2e Enhanced LaTeX Graphics (DPC,SPQR)
(C:\Users\ASUS\AppData\Local\Programs\MiKTeX\tex/latex/graphics\keyval.sty
Package: keyval 2022/05/29 v1.15 key=value parser (DPC)
\KV@toks@=\toks18
)
(C:\Users\ASUS\AppData\Local\Programs\MiKTeX\tex/latex/graphics\graphics.sty
Package: graphics 2024/08/06 v1.4g Standard LaTeX Graphics (DPC,SPQR)

(C:\Users\ASUS\AppData\Local\Programs\MiKTeX\tex/latex/graphics\trig.sty
Package: trig 2023/12/02 v1.11 sin cos tan (DPC)
)
(C:\Users\ASUS\AppData\Local\Programs\MiKTeX\tex/latex/graphics-cfg\graphics.cf
g
File: graphics.cfg 2016/06/04 v1.11 sample graphics configuration
)
Package graphics Info: Driver file: pdftex.def on input line 106.

(C:\Users\ASUS\AppData\Local\Programs\MiKTeX\tex/latex/graphics-def\pdftex.def
File: pdftex.def 2024/04/13 v1.2c Graphics/color driver for pdftex
))
\Gin@req@height=\dimen151
\Gin@req@width=\dimen152
)
(C:\Users\ASUS\AppData\Local\Programs\MiKTeX\tex/latex/pgf/systemlayer\pgfsys.s
ty
(C:\Users\ASUS\AppData\Local\Programs\MiKTeX\tex/generic/pgf/systemlayer\pgfsys
.code.tex
Package: pgfsys 2023-01-15 v3.1.10 (3.1.10)

(C:\Users\ASUS\AppData\Local\Programs\MiKTeX\tex/generic/pgf/utilities\pgfkeys.
code.tex
\pgfkeys@pathtoks=\toks19
\pgfkeys@temptoks=\toks20

(C:\Users\ASUS\AppData\Local\Programs\MiKTeX\tex/generic/pgf/utilities\pgfkeysl
ibraryfiltered.code.tex
\pgfkeys@tmptoks=\toks21
))
\pgf@x=\dimen153
\pgf@y=\dimen154
\pgf@xa=\dimen155
\pgf@ya=\dimen156
\pgf@xb=\dimen157
\pgf@yb=\dimen158
\pgf@xc=\dimen159
\pgf@yc=\dimen160
\pgf@xd=\dimen161
\pgf@yd=\dimen162
\w@pgf@writea=\write3
\r@pgf@reada=\read2
\c@pgf@counta=\count284
\c@pgf@countb=\count285
\c@pgf@countc=\count286
\c@pgf@countd=\count287
\t@pgf@toka=\toks22
\t@pgf@tokb=\toks23
\t@pgf@tokc=\toks24
\pgf@sys@id@count=\count288

(C:\Users\ASUS\AppData\Local\Programs\MiKTeX\tex/generic/pgf/systemlayer\pgf.cf
g
File: pgf.cfg 2023-01-15 v3.1.10 (3.1.10)
)
Driver file for pgf: pgfsys-pdftex.def

(C:\Users\ASUS\AppData\Local\Programs\MiKTeX\tex/generic/pgf/systemlayer\pgfsys
-pdftex.def
File: pgfsys-pdftex.def 2023-01-15 v3.1.10 (3.1.10)

(C:\Users\ASUS\AppData\Local\Programs\MiKTeX\tex/generic/pgf/systemlayer\pgfsys
-common-pdf.def
File: pgfsys-common-pdf.def 2023-01-15 v3.1.10 (3.1.10)
)))
(C:\Users\ASUS\AppData\Local\Programs\MiKTeX\tex/generic/pgf/systemlayer\pgfsys
softpath.code.tex
File: pgfsyssoftpath.code.tex 2023-01-15 v3.1.10 (3.1.10)
\pgfsyssoftpath@smallbuffer@items=\count289
\pgfsyssoftpath@bigbuffer@items=\count290
)
(C:\Users\ASUS\AppData\Local\Programs\MiKTeX\tex/generic/pgf/systemlayer\pgfsys
protocol.code.tex
File: pgfsysprotocol.code.tex 2023-01-15 v3.1.10 (3.1.10)
))
(C:\Users\ASUS\AppData\Local\Programs\MiKTeX\tex/latex/xcolor\xcolor.sty
Package: xcolor 2024/09/29 v3.02 LaTeX color extensions (UK)

(C:\Users\ASUS\AppData\Local\Programs\MiKTeX\tex/latex/graphics-cfg\color.cfg
File: color.cfg 2016/01/02 v1.6 sample color configuration
)
Package xcolor Info: Driver file: pdftex.def on input line 274.

(C:\Users\ASUS\AppData\Local\Programs\MiKTeX\tex/latex/graphics\mathcolor.ltx)
Package xcolor Info: Model `cmy' substituted by `cmy0' on input line 1349.
Package xcolor Info: Model `hsb' substituted by `rgb' on input line 1353.
Package xcolor Info: Model `RGB' extended on input line 1365.
Package xcolor Info: Model `HTML' substituted by `rgb' on input line 1367.
Package xcolor Info: Model `Hsb' substituted by `hsb' on input line 1368.
Package xcolor Info: Model `tHsb' substituted by `hsb' on input line 1369.
Package xcolor Info: Model `HSB' substituted by `hsb' on input line 1370.
Package xcolor Info: Model `Gray' substituted by `gray' on input line 1371.
Package xcolor Info: Model `wave' substituted by `hsb' on input line 1372.
)
(C:\Users\ASUS\AppData\Local\Programs\MiKTeX\tex/generic/pgf/basiclayer\pgfcore
.code.tex
Package: pgfcore 2023-01-15 v3.1.10 (3.1.10)

(C:\Users\ASUS\AppData\Local\Programs\MiKTeX\tex/generic/pgf/math\pgfmath.code.
tex
(C:\Users\ASUS\AppData\Local\Programs\MiKTeX\tex/generic/pgf/math\pgfmathutil.c
ode.tex)
(C:\Users\ASUS\AppData\Local\Programs\MiKTeX\tex/generic/pgf/math\pgfmathparser
.code.tex
\pgfmath@dimen=\dimen163
\pgfmath@count=\count291
\pgfmath@box=\box54
\pgfmath@toks=\toks25
\pgfmath@stack@operand=\toks26
\pgfmath@stack@operation=\toks27
)
(C:\Users\ASUS\AppData\Local\Programs\MiKTeX\tex/generic/pgf/math\pgfmathfuncti
ons.code.tex)
(C:\Users\ASUS\AppData\Local\Programs\MiKTeX\tex/generic/pgf/math\pgfmathfuncti
ons.basic.code.tex)
(C:\Users\ASUS\AppData\Local\Programs\MiKTeX\tex/generic/pgf/math\pgfmathfuncti
ons.trigonometric.code.tex)
(C:\Users\ASUS\AppData\Local\Programs\MiKTeX\tex/generic/pgf/math\pgfmathfuncti
ons.random.code.tex)
(C:\Users\ASUS\AppData\Local\Programs\MiKTeX\tex/generic/pgf/math\pgfmathfuncti
ons.comparison.code.tex)
(C:\Users\ASUS\AppData\Local\Programs\MiKTeX\tex/generic/pgf/math\pgfmathfuncti
ons.base.code.tex)
(C:\Users\ASUS\AppData\Local\Programs\MiKTeX\tex/generic/pgf/math\pgfmathfuncti
ons.round.code.tex)
(C:\Users\ASUS\AppData\Local\Programs\MiKTeX\tex/generic/pgf/math\pgfmathfuncti
ons.misc.code.tex)
(C:\Users\ASUS\AppData\Local\Programs\MiKTeX\tex/generic/pgf/math\pgfmathfuncti
ons.integerarithmetics.code.tex)
(C:\Users\ASUS\AppData\Local\Programs\MiKTeX\tex/generic/pgf/math\pgfmathcalc.c
ode.tex)
(C:\Users\ASUS\AppData\Local\Programs\MiKTeX\tex/generic/pgf/math\pgfmathfloat.
code.tex
\c@pgfmathroundto@lastzeros=\count292
))
(C:\Users\ASUS\AppData\Local\Programs\MiKTeX\tex/generic/pgf/math\pgfint.code.t
ex)
(C:\Users\ASUS\AppData\Local\Programs\MiKTeX\tex/generic/pgf/basiclayer\pgfcore
points.code.tex
File: pgfcorepoints.code.tex 2023-01-15 v3.1.10 (3.1.10)
\pgf@picminx=\dimen164
\pgf@picmaxx=\dimen165
\pgf@picminy=\dimen166
\pgf@picmaxy=\dimen167
\pgf@pathminx=\dimen168
\pgf@pathmaxx=\dimen169
\pgf@pathminy=\dimen170
\pgf@pathmaxy=\dimen171
\pgf@xx=\dimen172
\pgf@xy=\dimen173
\pgf@yx=\dimen174
\pgf@yy=\dimen175
\pgf@zx=\dimen176
\pgf@zy=\dimen177
)
(C:\Users\ASUS\AppData\Local\Programs\MiKTeX\tex/generic/pgf/basiclayer\pgfcore
pathconstruct.code.tex
File: pgfcorepathconstruct.code.tex 2023-01-15 v3.1.10 (3.1.10)
\pgf@path@lastx=\dimen178
\pgf@path@lasty=\dimen179
)
(C:\Users\ASUS\AppData\Local\Programs\MiKTeX\tex/generic/pgf/basiclayer\pgfcore
pathusage.code.tex
File: pgfcorepathusage.code.tex 2023-01-15 v3.1.10 (3.1.10)
\pgf@shorten@end@additional=\dimen180
\pgf@shorten@start@additional=\dimen181
)
(C:\Users\ASUS\AppData\Local\Programs\MiKTeX\tex/generic/pgf/basiclayer\pgfcore
scopes.code.tex
File: pgfcorescopes.code.tex 2023-01-15 v3.1.10 (3.1.10)
\pgfpic=\box55
\pgf@hbox=\box56
\pgf@layerbox@main=\box57
\pgf@picture@serial@count=\count293
)
(C:\Users\ASUS\AppData\Local\Programs\MiKTeX\tex/generic/pgf/basiclayer\pgfcore
graphicstate.code.tex
File: pgfcoregraphicstate.code.tex 2023-01-15 v3.1.10 (3.1.10)
\pgflinewidth=\dimen182
)
(C:\Users\ASUS\AppData\Local\Programs\MiKTeX\tex/generic/pgf/basiclayer\pgfcore
transformations.code.tex
File: pgfcoretransformations.code.tex 2023-01-15 v3.1.10 (3.1.10)
\pgf@pt@x=\dimen183
\pgf@pt@y=\dimen184
\pgf@pt@temp=\dimen185
)
(C:\Users\ASUS\AppData\Local\Programs\MiKTeX\tex/generic/pgf/basiclayer\pgfcore
quick.code.tex
File: pgfcorequick.code.tex 2023-01-15 v3.1.10 (3.1.10)
)
(C:\Users\ASUS\AppData\Local\Programs\MiKTeX\tex/generic/pgf/basiclayer\pgfcore
objects.code.tex
File: pgfcoreobjects.code.tex 2023-01-15 v3.1.10 (3.1.10)
)
(C:\Users\ASUS\AppData\Local\Programs\MiKTeX\tex/generic/pgf/basiclayer\pgfcore
pathprocessing.code.tex
File: pgfcorepathprocessing.code.tex 2023-01-15 v3.1.10 (3.1.10)
)
(C:\Users\ASUS\AppData\Local\Programs\MiKTeX\tex/generic/pgf/basiclayer\pgfcore
arrows.code.tex
File: pgfcorearrows.code.tex 2023-01-15 v3.1.10 (3.1.10)
\pgfarrowsep=\dimen186
)
(C:\Users\ASUS\AppData\Local\Programs\MiKTeX\tex/generic/pgf/basiclayer\pgfcore
shade.code.tex
File: pgfcoreshade.code.tex 2023-01-15 v3.1.10 (3.1.10)
\pgf@max=\dimen187
\pgf@sys@shading@range@num=\count294
\pgf@shadingcount=\count295
)
(C:\Users\ASUS\AppData\Local\Programs\MiKTeX\tex/generic/pgf/basiclayer\pgfcore
image.code.tex
File: pgfcoreimage.code.tex 2023-01-15 v3.1.10 (3.1.10)
)
(C:\Users\ASUS\AppData\Local\Programs\MiKTeX\tex/generic/pgf/basiclayer\pgfcore
external.code.tex
File: pgfcoreexternal.code.tex 2023-01-15 v3.1.10 (3.1.10)
\pgfexternal@startupbox=\box58
)
(C:\Users\ASUS\AppData\Local\Programs\MiKTeX\tex/generic/pgf/basiclayer\pgfcore
layers.code.tex
File: pgfcorelayers.code.tex 2023-01-15 v3.1.10 (3.1.10)
)
(C:\Users\ASUS\AppData\Local\Programs\MiKTeX\tex/generic/pgf/basiclayer\pgfcore
transparency.code.tex
File: pgfcoretransparency.code.tex 2023-01-15 v3.1.10 (3.1.10)
)
(C:\Users\ASUS\AppData\Local\Programs\MiKTeX\tex/generic/pgf/basiclayer\pgfcore
patterns.code.tex
File: pgfcorepatterns.code.tex 2023-01-15 v3.1.10 (3.1.10)
)
(C:\Users\ASUS\AppData\Local\Programs\MiKTeX\tex/generic/pgf/basiclayer\pgfcore
rdf.code.tex
File: pgfcorerdf.code.tex 2023-01-15 v3.1.10 (3.1.10)
)))
(C:\Users\ASUS\AppData\Local\Programs\MiKTeX\tex/generic/pgf/modules\pgfmodules
hapes.code.tex
File: pgfmoduleshapes.code.tex 2023-01-15 v3.1.10 (3.1.10)
\pgfnodeparttextbox=\box59
)
(C:\Users\ASUS\AppData\Local\Programs\MiKTeX\tex/generic/pgf/modules\pgfmodulep
lot.code.tex
File: pgfmoduleplot.code.tex 2023-01-15 v3.1.10 (3.1.10)
)
(C:\Users\ASUS\AppData\Local\Programs\MiKTeX\tex/latex/pgf/compatibility\pgfcom
p-version-0-65.sty
Package: pgfcomp-version-0-65 2023-01-15 v3.1.10 (3.1.10)
\pgf@nodesepstart=\dimen188
\pgf@nodesepend=\dimen189
)
(C:\Users\ASUS\AppData\Local\Programs\MiKTeX\tex/latex/pgf/compatibility\pgfcom
p-version-1-18.sty
Package: pgfcomp-version-1-18 2023-01-15 v3.1.10 (3.1.10)
))
(C:\Users\ASUS\AppData\Local\Programs\MiKTeX\tex/latex/pgf/utilities\pgffor.sty

(C:\Users\ASUS\AppData\Local\Programs\MiKTeX\tex/latex/pgf/utilities\pgfkeys.st
y
(C:\Users\ASUS\AppData\Local\Programs\MiKTeX\tex/generic/pgf/utilities\pgfkeys.
code.tex))
(C:\Users\ASUS\AppData\Local\Programs\MiKTeX\tex/latex/pgf/math\pgfmath.sty
(C:\Users\ASUS\AppData\Local\Programs\MiKTeX\tex/generic/pgf/math\pgfmath.code.
tex))
(C:\Users\ASUS\AppData\Local\Programs\MiKTeX\tex/generic/pgf/utilities\pgffor.c
ode.tex
Package: pgffor 2023-01-15 v3.1.10 (3.1.10)
\pgffor@iter=\dimen190
\pgffor@skip=\dimen191
\pgffor@stack=\toks28
\pgffor@toks=\toks29
))
(C:\Users\ASUS\AppData\Local\Programs\MiKTeX\tex/generic/pgf/frontendlayer/tikz
\tikz.code.tex
Package: tikz 2023-01-15 v3.1.10 (3.1.10)

(C:\Users\ASUS\AppData\Local\Programs\MiKTeX\tex/generic/pgf/libraries\pgflibra
ryplothandlers.code.tex
File: pgflibraryplothandlers.code.tex 2023-01-15 v3.1.10 (3.1.10)
\pgf@plot@mark@count=\count296
\pgfplotmarksize=\dimen192
)
\tikz@lastx=\dimen193
\tikz@lasty=\dimen194
\tikz@lastxsaved=\dimen195
\tikz@lastysaved=\dimen196
\tikz@lastmovetox=\dimen197
\tikz@lastmovetoy=\dimen198
\tikzleveldistance=\dimen199
\tikzsiblingdistance=\dimen256
\tikz@figbox=\box60
\tikz@figbox@bg=\box61
\tikz@tempbox=\box62
\tikz@tempbox@bg=\box63
\tikztreelevel=\count297
\tikznumberofchildren=\count298
\tikznumberofcurrentchild=\count299
\tikz@fig@count=\count300

(C:\Users\ASUS\AppData\Local\Programs\MiKTeX\tex/generic/pgf/modules\pgfmodulem
atrix.code.tex
File: pgfmodulematrix.code.tex 2023-01-15 v3.1.10 (3.1.10)
\pgfmatrixcurrentrow=\count301
\pgfmatrixcurrentcolumn=\count302
\pgf@matrix@numberofcolumns=\count303
)
\tikz@expandcount=\count304

(C:\Users\ASUS\AppData\Local\Programs\MiKTeX\tex/generic/pgf/frontendlayer/tikz
/libraries\tikzlibrarytopaths.code.tex
File: tikzlibrarytopaths.code.tex 2023-01-15 v3.1.10 (3.1.10)
)))
(C:\Users\ASUS\AppData\Local\Programs\MiKTeX\tex/latex/tikz-cd\tikzlibrarycd.co
de.tex
(C:\Users\ASUS\AppData\Local\Programs\MiKTeX\tex/generic/pgf/frontendlayer/tikz
/libraries\tikzlibrarymatrix.code.tex
File: tikzlibrarymatrix.code.tex 2023-01-15 v3.1.10 (3.1.10)
)
(C:\Users\ASUS\AppData\Local\Programs\MiKTeX\tex/generic/pgf/frontendlayer/tikz
/libraries\tikzlibraryquotes.code.tex
File: tikzlibraryquotes.code.tex 2023-01-15 v3.1.10 (3.1.10)
)
(C:\Users\ASUS\AppData\Local\Programs\MiKTeX\tex/generic/pgf/libraries\pgflibra
ryarrows.meta.code.tex
File: pgflibraryarrows.meta.code.tex 2023-01-15 v3.1.10 (3.1.10)
\pgfarrowinset=\dimen257
\pgfarrowlength=\dimen258
\pgfarrowwidth=\dimen259
\pgfarrowlinewidth=\dimen260
)))
(C:\Users\ASUS\AppData\Local\Programs\MiKTeX\tex/generic/babel\babel.sty
Package: babel 2025/05/14 v25.9 The multilingual framework for pdfLaTeX, LuaLaT
eX and XeLaTeX
\babel@savecnt=\count305
LaTeX Encoding Info:    Redeclaring text command \ij (encoding OT1) on input li
ne 2043.
LaTeX Encoding Info:    Redeclaring text command \IJ (encoding OT1) on input li
ne 2045.
LaTeX Encoding Info:    Redeclaring text command \ij (encoding T1) on input lin
e 2047.
LaTeX Encoding Info:    Redeclaring text command \IJ (encoding T1) on input lin
e 2048.
LaTeX Encoding Info:    Ignoring declaration for text command \ij (encoding ?) 
on input line 2049.
LaTeX Encoding Info:    Ignoring declaration for text command \IJ (encoding ?) 
on input line 2051.
LaTeX Encoding Info:    Ignoring declaration for text command \SS (encoding ?) 
on input line 2076.
\U@D=\dimen261
\l@unhyphenated=\language79

(C:\Users\ASUS\AppData\Local\Programs\MiKTeX\tex/generic/babel\txtbabel.def)
\bbl@readstream=\read3
\bbl@dirlevel=\count306

*************************************
* Local config file bblopts.cfg used
*
(C:\Users\ASUS\AppData\Local\Programs\MiKTeX\tex/latex/arabi\bblopts.cfg
File: bblopts.cfg 2005/09/08 v0.1 add Arabic and Farsi to "declared" options of
 babel
)
(C:\Users\ASUS\AppData\Local\Programs\MiKTeX\tex/latex/babel-indonesian\indones
ian.ldf
Language: indonesian 2025/06/01 v1.0n Bahasa Indonesia support from the babel s
ystem

(C:\Users\ASUS\AppData\Local\Programs\MiKTeX\tex/generic/babel/locale/id\babel-
indonesian.tex
Package babel Info: Importing font and identification data for indonesian
(babel)             from babel-id.ini. Reported on input line 11.
)))
(C:\Users\ASUS\AppData\Local\Programs\MiKTeX\tex/latex/base\inputenc.sty
Package: inputenc 2024/02/08 v1.3d Input encoding file
\inpenc@prehook=\toks30
\inpenc@posthook=\toks31
)
(C:\Users\ASUS\AppData\Local\Programs\MiKTeX\tex/latex/setspace\setspace.sty
Package: setspace 2022/12/04 v6.7b set line spacing
)
(C:\Users\ASUS\AppData\Local\Programs\MiKTeX\tex/latex/float\float.sty
Package: float 2001/11/08 v1.3d Float enhancements (AL)
\c@float@type=\count307
\float@exts=\toks32
\float@box=\box64
\@float@everytoks=\toks33
\@floatcapt=\box65
)
(C:\Users\ASUS\AppData\Local\Programs\MiKTeX\tex/latex/subfigure\subfigure.sty
Package: subfigure 2002/07/30 v2.1.4 subfigure package
\subfigtopskip=\skip51
\subfigcapskip=\skip52
\subfigcaptopadj=\dimen262
\subfigbottomskip=\skip53
\subfigcapmargin=\dimen263
\subfiglabelskip=\skip54
\c@subfigure=\count308
\c@lofdepth=\count309
\c@subtable=\count310
\c@lotdepth=\count311

****************************************
* Local config file subfigure.cfg used *
****************************************
(C:\Users\ASUS\AppData\Local\Programs\MiKTeX\tex/latex/subfigure\subfigure.cfg)
\subfig@top=\skip55
\subfig@bottom=\skip56
) (C:\Users\ASUS\AppData\Local\Programs\MiKTeX\tex/latex/tocloft\tocloft.sty
Package: tocloft 2017/08/31 v2.3i parameterised ToC, etc., typesetting
Package tocloft Info: The document has chapter divisions on input line 51.
\cftparskip=\skip57
\cftbeforetoctitleskip=\skip58
\cftaftertoctitleskip=\skip59
\cftbeforepartskip=\skip60
\cftpartnumwidth=\skip61
\cftpartindent=\skip62
\cftbeforechapskip=\skip63
\cftchapindent=\skip64
\cftchapnumwidth=\skip65
\cftbeforesecskip=\skip66
\cftsecindent=\skip67
\cftsecnumwidth=\skip68
\cftbeforesubsecskip=\skip69
\cftsubsecindent=\skip70
\cftsubsecnumwidth=\skip71
\cftbeforesubsubsecskip=\skip72
\cftsubsubsecindent=\skip73
\cftsubsubsecnumwidth=\skip74
\cftbeforeparaskip=\skip75
\cftparaindent=\skip76
\cftparanumwidth=\skip77
\cftbeforesubparaskip=\skip78
\cftsubparaindent=\skip79
\cftsubparanumwidth=\skip80
\cftbeforeloftitleskip=\skip81
\cftafterloftitleskip=\skip82
\cftbeforefigskip=\skip83
\cftfigindent=\skip84
\cftfignumwidth=\skip85
\cftbeforelottitleskip=\skip86
\cftafterlottitleskip=\skip87
\cftbeforetabskip=\skip88
\cfttabindent=\skip89
\cfttabnumwidth=\skip90
\cftbeforesubfigskip=\skip91
\cftsubfigindent=\skip92
\cftsubfignumwidth=\skip93
\cftbeforesubtabskip=\skip94
\cftsubtabindent=\skip95
\cftsubtabnumwidth=\skip96
)
(C:\Users\ASUS\AppData\Local\Programs\MiKTeX\tex/latex/parskip\parskip.sty
Package: parskip 2021-03-14 v2.0h non-zero parskip adjustments

(C:\Users\ASUS\AppData\Local\Programs\MiKTeX\tex/latex/kvoptions\kvoptions.sty
Package: kvoptions 2022-06-15 v3.15 Key value format for package options (HO)

(C:\Users\ASUS\AppData\Local\Programs\MiKTeX\tex/generic/ltxcmds\ltxcmds.sty
Package: ltxcmds 2023-12-04 v1.26 LaTeX kernel commands for general use (HO)
)
(C:\Users\ASUS\AppData\Local\Programs\MiKTeX\tex/latex/kvsetkeys\kvsetkeys.sty
Package: kvsetkeys 2022-10-05 v1.19 Key value parser (HO)
)) (C:\Users\ASUS\AppData\Local\Programs\MiKTeX\tex/latex/etoolbox\etoolbox.sty
Package: etoolbox 2025/02/11 v2.5l e-TeX tools for LaTeX (JAW)
\etb@tempcnta=\count312
)) (C:\Users\ASUS\AppData\Local\Programs\MiKTeX\tex/latex/tools\indentfirst.sty
Package: indentfirst 2023/07/02 v1.03 Indent first paragraph (DPC)
)
(C:\Users\ASUS\AppData\Local\Programs\MiKTeX\tex/latex/koma-script\scrextend.st
y
Package: scrextend 2025/06/04 v3.45 KOMA-Script package (extend other classes w
ith features of KOMA-Script classes)

(C:\Users\ASUS\AppData\Local\Programs\MiKTeX\tex/latex/koma-script\scrkbase.sty
Package: scrkbase 2025/06/04 v3.45 KOMA-Script package (KOMA-Script-dependent b
asics and keyval usage)
(C:\Users\ASUS\AppData\Local\Programs\MiKTeX\tex/latex/koma-script\scrbase.sty
Package: scrbase 2025/06/04 v3.45 KOMA-Script package (KOMA-Script-independent 
basics and keyval usage)

(C:\Users\ASUS\AppData\Local\Programs\MiKTeX\tex/latex/koma-script\scrlfile.sty
Package: scrlfile 2025/06/04 v3.45 KOMA-Script package (file load hooks)

(C:\Users\ASUS\AppData\Local\Programs\MiKTeX\tex/latex/koma-script\scrlfile-hoo
k.sty
Package: scrlfile-hook 2025/06/04 v3.45 KOMA-Script package (using LaTeX hooks)


(C:\Users\ASUS\AppData\Local\Programs\MiKTeX\tex/latex/koma-script\scrlogo.sty
Package: scrlogo 2025/06/04 v3.45 KOMA-Script package (logo)
)))
Applying: [2021/05/01] Usage of raw or classic option list on input line 254.
Already applied: [0000/00/00] Usage of raw or classic option list on input line
 370.
))
Package scrextend Info: You've used standard option `final'.
(scrextend)             This is correct!
(scrextend)             Internally I'm using `draft=false'.
(scrextend)             If you'd like to set the option with \KOMAoptions,
(scrextend)             you'd have to use `draft=false' there
(scrextend)             instead of `final', too.
)
(C:\Users\ASUS\AppData\Local\Programs\MiKTeX\tex/latex/fancyhdr\fancyhdr.sty
Package: fancyhdr 2025/02/07 v5.2 Extensive control of page headers and footers

\f@nch@headwidth=\skip97
\f@nch@offset@elh=\skip98
\f@nch@offset@erh=\skip99
\f@nch@offset@olh=\skip100
\f@nch@offset@orh=\skip101
\f@nch@offset@elf=\skip102
\f@nch@offset@erf=\skip103
\f@nch@offset@olf=\skip104
\f@nch@offset@orf=\skip105
\f@nch@height=\skip106
\f@nch@footalignment=\skip107
\f@nch@widthL=\skip108
\f@nch@widthC=\skip109
\f@nch@widthR=\skip110
\@temptokenb=\toks34
)
\mylen=\skip111

(C:\Users\ASUS\AppData\Local\Programs\MiKTeX\tex/latex/sectsty\sectsty.sty
Package: sectsty 2002/02/25 v2.0.2 Commands to change all sectional heading sty
les


LaTeX Warning: Command \underbar  has changed.
               Check if current package is valid.


LaTeX Warning: Command \underline  has changed.
               Check if current package is valid.

) (C:\Users\ASUS\AppData\Local\Programs\MiKTeX\tex/latex/titlesec\titlesec.sty
Package: titlesec 2025/01/04 v2.17 Sectioning titles
\ttl@box=\box66
\beforetitleunit=\skip112
\aftertitleunit=\skip113
\ttl@plus=\dimen264
\ttl@minus=\dimen265
\ttl@toksa=\toks35
\titlewidth=\dimen266
\titlewidthlast=\dimen267
\titlewidthfirst=\dimen268
) (C:\Users\ASUS\AppData\Local\Programs\MiKTeX\tex/latex/caption\caption.sty
Package: caption 2023/08/05 v3.6o Customizing captions (AR)

(C:\Users\ASUS\AppData\Local\Programs\MiKTeX\tex/latex/caption\caption3.sty
Package: caption3 2023/07/31 v2.4d caption3 kernel (AR)
\caption@tempdima=\dimen269
\captionmargin=\dimen270
\caption@leftmargin=\dimen271
\caption@rightmargin=\dimen272
\caption@width=\dimen273
\caption@indent=\dimen274
\caption@parindent=\dimen275
\caption@hangindent=\dimen276
Package caption Info: Standard document class detected.
)
\c@caption@flags=\count313
\c@continuedfloat=\count314
Package caption Info: float package is loaded.
Package caption Info: scrextend package is loaded.
\caption@addmargin@hsize=\dimen277
\caption@addmargin@linewidth=\dimen278
Package caption Info: subfigure package is loaded.
)
(C:\Users\ASUS\AppData\Local\Programs\MiKTeX\tex/latex/tools\tabularx.sty
Package: tabularx 2023/12/11 v2.12a `tabularx' package (DPC)

(C:\Users\ASUS\AppData\Local\Programs\MiKTeX\tex/latex/tools\array.sty
Package: array 2025/06/08 v2.6j Tabular extension package (FMi)
\col@sep=\dimen279
\ar@mcellbox=\box67
\extrarowheight=\dimen280
\NC@list=\toks36
\extratabsurround=\skip114
\backup@length=\skip115
\ar@cellbox=\box68
)
\TX@col@width=\dimen281
\TX@old@table=\dimen282
\TX@old@col=\dimen283
\TX@target=\dimen284
\TX@delta=\dimen285
\TX@cols=\count315
\TX@ftn=\toks37
)
(C:\Users\ASUS\AppData\Local\Programs\MiKTeX\tex/latex/multirow\multirow.sty
Package: multirow 2024/11/12 v2.9 Span multiple rows of a table
\multirow@colwidth=\skip116
\multirow@cntb=\count316
\multirow@dima=\skip117
\bigstrutjot=\dimen286
)
(C:\Users\ASUS\AppData\Local\Programs\MiKTeX\tex/latex/adjustbox\adjustbox.sty
Package: adjustbox 2025/02/26 v1.3c Adjusting TeX boxes (trim, clip, ...)

(C:\Users\ASUS\AppData\Local\Programs\MiKTeX\tex/latex/xkeyval\xkeyval.sty
Package: xkeyval 2022/06/16 v2.9 package option processing (HA)

(C:\Users\ASUS\AppData\Local\Programs\MiKTeX\tex/generic/xkeyval\xkeyval.tex
(C:\Users\ASUS\AppData\Local\Programs\MiKTeX\tex/generic/xkeyval\xkvutils.tex
\XKV@toks=\toks38
\XKV@tempa@toks=\toks39
)
\XKV@depth=\count317
File: xkeyval.tex 2014/12/03 v2.7a key=value parser (HA)
)) (C:\Users\ASUS\AppData\Local\Programs\MiKTeX\tex/latex/adjustbox\adjcalc.sty
Package: adjcalc 2012/05/16 v1.1 Provides advanced setlength with multiple back
-ends (calc, etex, pgfmath)
) (C:\Users\ASUS\AppData\Local\Programs\MiKTeX\tex/latex/adjustbox\trimclip.sty
Package: trimclip 2025/02/21 v1.2a Trim and clip general TeX material

(C:\Users\ASUS\AppData\Local\Programs\MiKTeX\tex/latex/collectbox\collectbox.st
y
Package: collectbox 2022/10/17 v0.4c Collect macro arguments as boxes
\collectedbox=\box69
)
\tc@llx=\dimen287
\tc@lly=\dimen288
\tc@urx=\dimen289
\tc@ury=\dimen290
Package trimclip Info: Using driver 'tc-pdftex.def'.

(C:\Users\ASUS\AppData\Local\Programs\MiKTeX\tex/latex/adjustbox\tc-pdftex.def
File: tc-pdftex.def 2025/02/26 v2.3 Clipping driver for pdftex
))
\adjbox@Width=\dimen291
\adjbox@Height=\dimen292
\adjbox@Depth=\dimen293
\adjbox@Totalheight=\dimen294
\adjbox@pwidth=\dimen295
\adjbox@pheight=\dimen296
\adjbox@pdepth=\dimen297
\adjbox@ptotalheight=\dimen298

(C:\Users\ASUS\AppData\Local\Programs\MiKTeX\tex/latex/ifoddpage\ifoddpage.sty
Package: ifoddpage 2022/10/18 v1.2 Conditionals for odd/even page detection
\c@checkoddpage=\count318
) (C:\Users\ASUS\AppData\Local\Programs\MiKTeX\tex/latex/varwidth\varwidth.sty
Package: varwidth 2009/03/30 ver 0.92;  Variable-width minipages
\@vwid@box=\box70
\sift@deathcycles=\count319
\@vwid@loff=\dimen299
\@vwid@roff=\dimen300
)
==> First Aid for varwidth.sty applied!
) (C:\Users\ASUS\AppData\Local\Programs\MiKTeX\tex/latex/booktabs\booktabs.sty
Package: booktabs 2020/01/12 v1.61803398 Publication quality tables
\heavyrulewidth=\dimen301
\lightrulewidth=\dimen302
\cmidrulewidth=\dimen303
\belowrulesep=\dimen304
\belowbottomsep=\dimen305
\aboverulesep=\dimen306
\abovetopsep=\dimen307
\cmidrulesep=\dimen308
\cmidrulekern=\dimen309
\defaultaddspace=\dimen310
\@cmidla=\count320
\@cmidlb=\count321
\@aboverulesep=\dimen311
\@belowrulesep=\dimen312
\@thisruleclass=\count322
\@lastruleclass=\count323
\@thisrulewidth=\dimen313
) (C:\Users\ASUS\AppData\Local\Programs\MiKTeX\tex/latex/siunitx\siunitx.sty
Package: siunitx 2025-05-22 v3.4.12 A comprehensive (SI) units package
\l__siunitx_number_uncert_offset_int=\count324
\l__siunitx_number_exponent_fixed_int=\count325
\l__siunitx_number_min_decimal_int=\count326
\l__siunitx_number_min_integer_int=\count327
\l__siunitx_number_round_precision_int=\count328
\l__siunitx_number_lower_threshold_int=\count329
\l__siunitx_number_upper_threshold_int=\count330
\l__siunitx_number_group_first_int=\count331
\l__siunitx_number_group_size_int=\count332
\l__siunitx_number_group_minimum_int=\count333
\l__siunitx_angle_tmp_dim=\dimen314
\l__siunitx_angle_marker_box=\box71
\l__siunitx_angle_unit_box=\box72
\l__siunitx_compound_count_int=\count334

(C:\Users\ASUS\AppData\Local\Programs\MiKTeX\tex/latex/translations\translation
s.sty
Package: translations 2022/02/05 v1.12 internationalization of LaTeX2e packages
 (CN)

(C:\Users\ASUS\AppData\Local\Programs\MiKTeX\tex/generic/pdftexcmds\pdftexcmds.
sty
Package: pdftexcmds 2020-06-27 v0.33 Utility functions of pdfTeX for LuaTeX (HO
)

(C:\Users\ASUS\AppData\Local\Programs\MiKTeX\tex/generic/infwarerr\infwarerr.st
y
Package: infwarerr 2019/12/03 v1.5 Providing info/warning/error messages (HO)
) (C:\Users\ASUS\AppData\Local\Programs\MiKTeX\tex/generic/iftex\iftex.sty
Package: iftex 2024/12/12 v1.0g TeX engine tests
)
Package pdftexcmds Info: \pdf@primitive is available.
Package pdftexcmds Info: \pdf@ifprimitive is available.
Package pdftexcmds Info: \pdfdraftmode found.
))
(C:\Users\ASUS\AppData\Local\Programs\MiKTeX\tex/latex/amsmath\amstext.sty
Package: amstext 2024/11/17 v2.01 AMS text

(C:\Users\ASUS\AppData\Local\Programs\MiKTeX\tex/latex/amsmath\amsgen.sty
File: amsgen.sty 1999/11/30 v2.0 generic functions
\@emptytoks=\toks40
\ex@=\dimen315
))
\l__siunitx_table_tmp_box=\box73
\l__siunitx_table_tmp_dim=\dimen316
\l__siunitx_table_column_width_dim=\dimen317
\l__siunitx_table_integer_box=\box74
\l__siunitx_table_decimal_box=\box75
\l__siunitx_table_uncert_box=\box76
\l__siunitx_table_before_box=\box77
\l__siunitx_table_after_box=\box78
\l__siunitx_table_before_dim=\dimen318
\l__siunitx_table_carry_dim=\dimen319
\l__siunitx_unit_tmp_int=\count335
\l__siunitx_unit_position_int=\count336
\l__siunitx_unit_total_int=\count337
)

Package siunitx Info: Option "detect-weight" has been deprecated in this
(siunitx)             release.
(siunitx)             
(siunitx)             Use "reset-text-series = false, text-series-to-math =
(siunitx)             true" as a replacement.


Package siunitx Info: Option "detect-family" has been deprecated in this
(siunitx)             release.
(siunitx)             
(siunitx)             Use "reset-text-family = false, text-family-to-math =
(siunitx)             true" as a replacement.


(C:\Users\ASUS\AppData\Local\Programs\MiKTeX\tex/latex/changepage\changepage.st
y
Package: changepage 2009/10/20 v1.0c check page and change page layout
\c@cp@cntr=\count338
\cp@tempcnt=\count339
LaTeX Info: Redefining \checkoddpage on input line 59.
) (C:\Users\ASUS\AppData\Local\Programs\MiKTeX\tex/latex/geometry\geometry.sty
Package: geometry 2020/01/02 v5.9 Page Geometry
(C:\Users\ASUS\AppData\Local\Programs\MiKTeX\tex/generic/iftex\ifvtex.sty
Package: ifvtex 2019/10/25 v1.7 ifvtex legacy package. Use iftex instead.
)
\Gm@cnth=\count340
\Gm@cntv=\count341
\c@Gm@tempcnt=\count342
\Gm@bindingoffset=\dimen320
\Gm@wd@mp=\dimen321
\Gm@odd@mp=\dimen322
\Gm@even@mp=\dimen323
\Gm@layoutwidth=\dimen324
\Gm@layoutheight=\dimen325
\Gm@layouthoffset=\dimen326
\Gm@layoutvoffset=\dimen327
\Gm@dimlist=\toks41

(C:\Users\ASUS\AppData\Local\Programs\MiKTeX\tex/latex/geometry\geometry.cfg))
(C:\Users\ASUS\AppData\Local\Programs\MiKTeX\tex/latex/blindtext\blindtext.sty
Package: blindtext 2012/01/06 V2.0 blindtext-Package

(C:\Users\ASUS\AppData\Local\Programs\MiKTeX\tex/latex/tools\xspace.sty
Package: xspace 2014/10/28 v1.13 Space after command names (DPC,MH)
)
\c@blindtext=\count343
\c@Blindtext=\count344
\c@blind@countparstart=\count345
\blind@countxx=\count346
\blindtext@numBlindtext=\count347
\blind@countyy=\count348
\c@blindlist=\count349
\c@blindlistlevel=\count350
\c@blindlist@level=\count351
\blind@listitem=\count352
\c@blind@listcount=\count353
\c@blind@levelcount=\count354
\blind@mathformula=\count355
\blind@Mathformula=\count356
\c@blind@randomcount=\count357
\c@blind@randommax=\count358
\c@blind@pangramcount=\count359
\c@blind@pangrammax=\count360
)
(C:\Users\ASUS\AppData\Local\Programs\MiKTeX\tex/latex/lipsum\lipsum.sty
(C:\Users\ASUS\AppData\Local\Programs\MiKTeX\tex/latex/l3packages/l3keys2e\l3ke
ys2e.sty
(C:\Users\ASUS\AppData\Local\Programs\MiKTeX\tex/latex/l3kernel\expl3.sty
Package: expl3 2025-05-26 L3 programming layer (loader) 

(C:\Users\ASUS\AppData\Local\Programs\MiKTeX\tex/latex/l3backend\l3backend-pdft
ex.def
File: l3backend-pdftex.def 2025-04-14 L3 backend support: PDF output (pdfTeX)
\l__color_backend_stack_int=\count361
))
Package: l3keys2e 2024-08-16 LaTeX2e option processing using LaTeX3 keys
)
Package: lipsum 2021-09-20 v2.7 150 paragraphs of Lorem Ipsum dummy text
\g__lipsum_par_int=\count362
\l__lipsum_a_int=\count363
\l__lipsum_b_int=\count364

(C:\Users\ASUS\AppData\Local\Programs\MiKTeX\tex/latex/lipsum\lipsum.ltd.tex))
(C:\Users\ASUS\AppData\Local\Programs\MiKTeX\tex/latex/base\fixltx2e.sty
Package: fixltx2e 2016/12/29 v2.1a fixes to LaTeX (obsolete)
Applying: [2015/01/01] Old fixltx2e package on input line 46.


Package fixltx2e Warning: fixltx2e is not required with releases after 2015
(fixltx2e)                All fixes are now in the LaTeX kernel.
(fixltx2e)                See the latexrelease package for details.

Already applied: [0000/00/00] Old fixltx2e package on input line 53.
) (C:\Users\ASUS\AppData\Local\Programs\MiKTeX\tex/latex/epigraph\epigraph.sty
Package: epigraph 2020/01/02 v1.5e typesetting epigraphs

(C:\Users\ASUS\AppData\Local\Programs\MiKTeX\tex/latex/nextpage\nextpage.sty
Package: nextpage 2009/09/03 v1.1a additional page commands
)
\beforeepigraphskip=\skip118
\afterepigraphskip=\skip119
\epigraphwidth=\skip120
\epigraphrule=\skip121
)
(C:\Users\ASUS\AppData\Local\Programs\MiKTeX\tex/latex/wrapfig\wrapfig.sty
\wrapoverhang=\dimen328
\WF@size=\dimen329
\c@WF@wrappedlines=\count365
\WF@box=\box79
\WF@everypar=\toks42
Package: wrapfig 2003/01/31  v 3.6
)
(C:\Users\ASUS\AppData\Local\Programs\MiKTeX\tex/latex/amsmath\amsmath.sty
Package: amsmath 2025/06/16 v2.17y AMS math features
\@mathmargin=\skip122

For additional information on amsmath, use the `?' option.
(C:\Users\ASUS\AppData\Local\Programs\MiKTeX\tex/latex/amsmath\amsbsy.sty
Package: amsbsy 1999/11/29 v1.2d Bold Symbols
\pmbraise@=\dimen330
)
(C:\Users\ASUS\AppData\Local\Programs\MiKTeX\tex/latex/amsmath\amsopn.sty
Package: amsopn 2022/04/08 v2.04 operator names
)
\inf@bad=\count366
LaTeX Info: Redefining \frac on input line 233.
\uproot@=\count367
\leftroot@=\count368
LaTeX Info: Redefining \overline on input line 398.
LaTeX Info: Redefining \colon on input line 409.
\classnum@=\count369
\DOTSCASE@=\count370
LaTeX Info: Redefining \ldots on input line 495.
LaTeX Info: Redefining \dots on input line 498.
LaTeX Info: Redefining \cdots on input line 619.
\Mathstrutbox@=\box80
\strutbox@=\box81
LaTeX Info: Redefining \big on input line 721.
LaTeX Info: Redefining \Big on input line 722.
LaTeX Info: Redefining \bigg on input line 723.
LaTeX Info: Redefining \Bigg on input line 724.
\big@size=\dimen331
LaTeX Font Info:    Redeclaring font encoding OML on input line 742.
LaTeX Font Info:    Redeclaring font encoding OMS on input line 743.
\macc@depth=\count371
LaTeX Info: Redefining \bmod on input line 904.
LaTeX Info: Redefining \pmod on input line 909.
LaTeX Info: Redefining \smash on input line 939.
LaTeX Info: Redefining \relbar on input line 969.
LaTeX Info: Redefining \Relbar on input line 970.
\c@MaxMatrixCols=\count372
\dotsspace@=\muskip17
\c@parentequation=\count373
\dspbrk@lvl=\count374
\tag@help=\toks43
\row@=\count375
\column@=\count376
\maxfields@=\count377
\andhelp@=\toks44
\eqnshift@=\dimen332
\alignsep@=\dimen333
\tagshift@=\dimen334
\tagwidth@=\dimen335
\totwidth@=\dimen336
\lineht@=\dimen337
\@envbody=\toks45
\multlinegap=\skip123
\multlinetaggap=\skip124
\mathdisplay@stack=\toks46
LaTeX Info: Redefining \[ on input line 2949.
LaTeX Info: Redefining \] on input line 2950.
)
(C:\Users\ASUS\AppData\Local\Programs\MiKTeX\tex/latex/stmaryrd\stmaryrd.sty
Package: stmaryrd 1994/03/03 St Mary's Road symbol package
\symstmry=\mathgroup4
LaTeX Font Info:    Overwriting symbol font `stmry' in version `bold'
(Font)                  U/stmry/m/n --> U/stmry/b/n on input line 89.
)
(C:\Users\ASUS\AppData\Local\Programs\MiKTeX\tex/latex/mathtools\mathtools.sty
Package: mathtools 2024/10/04 v1.31 mathematical typesetting tools

(C:\Users\ASUS\AppData\Local\Programs\MiKTeX\tex/latex/tools\calc.sty
Package: calc 2025/03/01 v4.3b Infix arithmetic (KKT,FJ)
\calc@Acount=\count378
\calc@Bcount=\count379
\calc@Adimen=\dimen338
\calc@Bdimen=\dimen339
\calc@Askip=\skip125
\calc@Bskip=\skip126
LaTeX Info: Redefining \setlength on input line 86.
LaTeX Info: Redefining \addtolength on input line 87.
\calc@Ccount=\count380
\calc@Cskip=\skip127
)
(C:\Users\ASUS\AppData\Local\Programs\MiKTeX\tex/latex/mathtools\mhsetup.sty
Package: mhsetup 2021/03/18 v1.4 programming setup (MH)
)
\g_MT_multlinerow_int=\count381
\l_MT_multwidth_dim=\dimen340
\origjot=\skip128
\l_MT_shortvdotswithinadjustabove_dim=\dimen341
\l_MT_shortvdotswithinadjustbelow_dim=\dimen342
\l_MT_above_intertext_sep=\dimen343
\l_MT_below_intertext_sep=\dimen344
\l_MT_above_shortintertext_sep=\dimen345
\l_MT_below_shortintertext_sep=\dimen346
\xmathstrut@box=\box82
\xmathstrut@dim=\dimen347
)
(C:\Users\ASUS\AppData\Local\Programs\MiKTeX\tex/latex/url\url.sty
\Urlmuskip=\muskip18
Package: url 2013/09/16  ver 3.4  Verb mode for urls, etc.
)
(C:\Users\ASUS\AppData\Local\Programs\MiKTeX\tex/latex/graphics\rotating.sty
Package: rotating 2025/01/14 v2.16e rotated objects in LaTeX

(C:\Users\ASUS\AppData\Local\Programs\MiKTeX\tex/latex/base\ifthen.sty
Package: ifthen 2024/03/16 v1.1e Standard LaTeX ifthen package (DPC)
)
\c@r@tfl@t=\count382
\rotFPtop=\skip129
\rotFPbot=\skip130
\rot@float@box=\box83
\rot@mess@toks=\toks47
)
(C:\Users\ASUS\AppData\Local\Programs\MiKTeX\tex/latex/pdflscape\pdflscape.sty
Package: pdflscape 2022-10-27 v0.13 Display of landscape pages in PDF

(C:\Users\ASUS\AppData\Local\Programs\MiKTeX\tex/latex/pdflscape\pdflscape-nome
tadata.sty
Package: pdflscape-nometadata 2022-10-28 v0.13 Display of landscape pages in PD
F (HO)

(C:\Users\ASUS\AppData\Local\Programs\MiKTeX\tex/latex/graphics\lscape.sty
Package: lscape 2020/05/28 v3.02 Landscape Pages (DPC)
)
Package pdflscape Info: Auto-detected driver: pdftex on input line 81.
))
(C:\Users\ASUS\AppData\Local\Programs\MiKTeX\tex/latex/enumitem\enumitem.sty
Package: enumitem 2025/02/06 v3.11 Customized lists
\labelindent=\skip131
\enit@outerparindent=\dimen348
\enit@toks=\toks48
\enit@inbox=\box84
\enit@count@id=\count383
\enitdp@description=\count384
)
(C:\Users\ASUS\AppData\Local\Programs\MiKTeX\tex/latex/cite\cite.sty
LaTeX Info: Redefining \cite on input line 302.
LaTeX Info: Redefining \nocite on input line 332.
Package: cite 2015/02/27  v 5.5
)
(C:\Users\ASUS\AppData\Local\Programs\MiKTeX\tex/latex/listings\listings.sty
\lst@mode=\count385
\lst@gtempboxa=\box85
\lst@token=\toks49
\lst@length=\count386
\lst@currlwidth=\dimen349
\lst@column=\count387
\lst@pos=\count388
\lst@lostspace=\dimen350
\lst@width=\dimen351
\lst@newlines=\count389
\lst@lineno=\count390
\lst@maxwidth=\dimen352

(C:\Users\ASUS\AppData\Local\Programs\MiKTeX\tex/latex/listings\lstpatch.sty
File: lstpatch.sty 2024/09/23 1.10c (Carsten Heinz)
)
(C:\Users\ASUS\AppData\Local\Programs\MiKTeX\tex/latex/listings\lstmisc.sty
File: lstmisc.sty 2024/09/23 1.10c (Carsten Heinz)
\c@lstnumber=\count391
\lst@skipnumbers=\count392
\lst@framebox=\box86
)
(C:\Users\ASUS\AppData\Local\Programs\MiKTeX\tex/latex/listings\listings.cfg
File: listings.cfg 2024/09/23 1.10c listings configuration
))
Package: listings 2024/09/23 1.10c (Carsten Heinz)

(C:\Users\ASUS\AppData\Local\Programs\MiKTeX\tex/latex/tools\longtable.sty
Package: longtable 2024-12-18 v4.23 Multi-page Table package (DPC)
\LTleft=\skip132
\LTright=\skip133
\LTpre=\skip134
\LTpost=\skip135
\LTchunksize=\count393
\LTcapwidth=\dimen353
\LT@head=\box87
\LT@firsthead=\box88
\LT@foot=\box89
\LT@lastfoot=\box90
\LT@gbox=\box91
\LT@cols=\count394
\LT@rows=\count395
\c@LT@tables=\count396
\c@LT@chunks=\count397
\LT@p@ftn=\toks50
)
(C:\Users\ASUS\AppData\Local\Programs\MiKTeX\tex/latex/colortbl\colortbl.sty
Package: colortbl 2024/10/29 v1.0k Color table columns (DPC)
\everycr=\toks51
\minrowclearance=\skip136
\rownum=\count398
)

LaTeX Warning: Package "xcolor" has already been loaded: ignoring load-time
(LaTeX)        option "xcdraw".

(C:\Users\ASUS\AppData\Local\Programs\MiKTeX\tex/latex/tools\varioref.sty
Package: varioref 2025/01/14 v1.6g package for extended references (FMi)
\c@vrcnt=\count399
)
(C:\Users\ASUS\AppData\Local\Programs\MiKTeX\tex/latex/hyperref\hyperref.sty
Package: hyperref 2025-05-20 v7.01m Hypertext links for LaTeX

(C:\Users\ASUS\AppData\Local\Programs\MiKTeX\tex/generic/kvdefinekeys\kvdefinek
eys.sty
Package: kvdefinekeys 2019-12-19 v1.6 Define keys (HO)
)
(C:\Users\ASUS\AppData\Local\Programs\MiKTeX\tex/generic/pdfescape\pdfescape.st
y
Package: pdfescape 2019/12/09 v1.15 Implements pdfTeX's escape features (HO)
) (C:\Users\ASUS\AppData\Local\Programs\MiKTeX\tex/latex/hycolor\hycolor.sty
Package: hycolor 2020-01-27 v1.10 Color options for hyperref/bookmark (HO)
)
(C:\Users\ASUS\AppData\Local\Programs\MiKTeX\tex/latex/hyperref\nameref.sty
Package: nameref 2023-11-26 v2.56 Cross-referencing by name of section

(C:\Users\ASUS\AppData\Local\Programs\MiKTeX\tex/latex/refcount\refcount.sty
Package: refcount 2019/12/15 v3.6 Data extraction from label references (HO)
)
(C:\Users\ASUS\AppData\Local\Programs\MiKTeX\tex/generic/gettitlestring\gettitl
estring.sty
Package: gettitlestring 2019/12/15 v1.6 Cleanup title references (HO)
)
\c@section@level=\count400
)
(C:\Users\ASUS\AppData\Local\Programs\MiKTeX\tex/generic/stringenc\stringenc.st
y
Package: stringenc 2019/11/29 v1.12 Convert strings between diff. encodings (HO
)
)
\@linkdim=\dimen354
\Hy@linkcounter=\count401
\Hy@pagecounter=\count402
 (C:\Users\ASUS\AppData\Local\Programs\MiKTeX\tex/latex/hyperref\pd1enc.def
File: pd1enc.def 2025-05-20 v7.01m Hyperref: PDFDocEncoding definition (HO)
Now handling font encoding PD1 ...
... no UTF-8 mapping file for font encoding PD1
)
(C:\Users\ASUS\AppData\Local\Programs\MiKTeX\tex/generic/intcalc\intcalc.sty
Package: intcalc 2019/12/15 v1.3 Expandable calculations with integers (HO)
)
\Hy@SavedSpaceFactor=\count403

(C:\Users\ASUS\AppData\Local\Programs\MiKTeX\tex/latex/hyperref\puenc.def
File: puenc.def 2025-05-20 v7.01m Hyperref: PDF Unicode definition (HO)
Now handling font encoding PU ...
... no UTF-8 mapping file for font encoding PU
)
Package hyperref Info: Option `final' set `true' on input line 4040.
Package hyperref Info: Hyper figures OFF on input line 4157.
Package hyperref Info: Link nesting OFF on input line 4162.
Package hyperref Info: Hyper index ON on input line 4165.
Package hyperref Info: Plain pages OFF on input line 4172.
Package hyperref Info: Backreferencing OFF on input line 4177.
Package hyperref Info: Implicit mode ON; LaTeX internals redefined.
Package hyperref Info: Bookmarks ON on input line 4424.
\c@Hy@tempcnt=\count404
LaTeX Info: Redefining \url on input line 4763.
\XeTeXLinkMargin=\dimen355

(C:\Users\ASUS\AppData\Local\Programs\MiKTeX\tex/generic/bitset\bitset.sty
Package: bitset 2019/12/09 v1.3 Handle bit-vector datatype (HO)

(C:\Users\ASUS\AppData\Local\Programs\MiKTeX\tex/generic/bigintcalc\bigintcalc.
sty
Package: bigintcalc 2019/12/15 v1.5 Expandable calculations on big integers (HO
)
))
\Fld@menulength=\count405
\Field@Width=\dimen356
\Fld@charsize=\dimen357
Package hyperref Info: Hyper figures OFF on input line 6042.
Package hyperref Info: Link nesting OFF on input line 6047.
Package hyperref Info: Hyper index ON on input line 6050.
Package hyperref Info: backreferencing OFF on input line 6057.
Package hyperref Info: Link coloring OFF on input line 6062.
Package hyperref Info: Link coloring with OCG OFF on input line 6067.
Package hyperref Info: PDF/A mode OFF on input line 6072.

(C:\Users\ASUS\AppData\Local\Programs\MiKTeX\tex/latex/base\atbegshi-ltx.sty
Package: atbegshi-ltx 2021/01/10 v1.0c Emulation of the original atbegshi
package with kernel methods
)
\Hy@abspage=\count406
\c@Item=\count407
\c@Hfootnote=\count408
)
Package hyperref Info: Driver (autodetected): hpdftex.

(C:\Users\ASUS\AppData\Local\Programs\MiKTeX\tex/latex/hyperref\hpdftex.def
File: hpdftex.def 2025-05-20 v7.01m Hyperref driver for pdfTeX
\Fld@listcount=\count409
\c@bookmark@seq@number=\count410

(C:\Users\ASUS\AppData\Local\Programs\MiKTeX\tex/latex/rerunfilecheck\rerunfile
check.sty
Package: rerunfilecheck 2022-07-10 v1.10 Rerun checks for auxiliary files (HO)

(C:\Users\ASUS\AppData\Local\Programs\MiKTeX\tex/latex/base\atveryend-ltx.sty
Package: atveryend-ltx 2020/08/19 v1.0a Emulation of the original atveryend pac
kage
with kernel methods
)
(C:\Users\ASUS\AppData\Local\Programs\MiKTeX\tex/generic/uniquecounter\uniqueco
unter.sty
Package: uniquecounter 2019/12/15 v1.4 Provide unlimited unique counter (HO)
)
Package uniquecounter Info: New unique counter `rerunfilecheck' on input line 2
85.
)
\Hy@SectionHShift=\skip137
)
(C:\Users\ASUS\AppData\Local\Programs\MiKTeX\tex/latex/cleveref\cleveref.sty
Package: cleveref 2018/03/27 v0.21.4 Intelligent cross-referencing
Package cleveref Info: `hyperref' support loaded on input line 2370.
LaTeX Info: Redefining \cref on input line 2370.
LaTeX Info: Redefining \Cref on input line 2370.
LaTeX Info: Redefining \crefrange on input line 2370.
LaTeX Info: Redefining \Crefrange on input line 2370.
LaTeX Info: Redefining \cpageref on input line 2370.
LaTeX Info: Redefining \Cpageref on input line 2370.
LaTeX Info: Redefining \cpagerefrange on input line 2370.
LaTeX Info: Redefining \Cpagerefrange on input line 2370.
LaTeX Info: Redefining \labelcref on input line 2370.
LaTeX Info: Redefining \labelcpageref on input line 2370.
Package cleveref Info: `varioref' support loaded on input line 2605.
Package cleveref Info: `cleveref' supersedes `varioref's \labelformatcommand on
 input line 2605.
LaTeX Info: Redefining \vref on input line 2605.
LaTeX Info: Redefining \Vref on input line 2605.
LaTeX Info: Redefining \vrefrange on input line 2605.
LaTeX Info: Redefining \fullref on input line 2605.
Package cleveref Info: `listings' support loaded on input line 3131.
)
==> First Aid for cleveref.sty applied!
(C:\Users\ASUS\AppData\Local\Programs\MiKTeX\tex/latex/psnfss\courier.sty
Package: courier 2020/03/25 PSNFSS-v9.3 (WaS) 
)
(C:\Users\ASUS\AppData\Local\Programs\MiKTeX\tex/latex/tools\verbatim.sty
Package: verbatim 2024-01-22 v1.5x LaTeX2e package for verbatim enhancements
\every@verbatim=\toks52
\verbatim@line=\toks53
\verbatim@in@stream=\read4
))
(chapters/database.hyphenate.tex) (laporan_PA.aux (chapters/sampul.aux)
(chapters/sampuldalam.aux) (chapters/pengesahan.aux) (chapters/pernyataan.aux)
(chapters/motto.aux) (chapters/katapengantar.aux) (chapters/daftarisi.aux)
(chapters/daftargambar.aux) (chapters/daftartabel.aux)
(chapters/daftarsingkatan.aux) (chapters/abstrak.aux) (chapters/abstract.aux)
(chapters/bab1.aux) (chapters/bab2.aux

LaTeX Warning: Label `gambar1' multiply defined.


LaTeX Warning: Label `gambar1@cref' multiply defined.


LaTeX Warning: Label `gambar1' multiply defined.


LaTeX Warning: Label `gambar1@cref' multiply defined.

) (chapters/bab3.aux

LaTeX Warning: Label `gambar1' multiply defined.


LaTeX Warning: Label `gambar1@cref' multiply defined.


LaTeX Warning: Label `tab:json_sensor' multiply defined.


LaTeX Warning: Label `tab:json_sensor@cref' multiply defined.


LaTeX Warning: Label `t_risetPemodelan' multiply defined.


LaTeX Warning: Label `t_risetPemodelan@cref' multiply defined.


LaTeX Warning: Label `gambar1' multiply defined.


LaTeX Warning: Label `gambar1@cref' multiply defined.


LaTeX Warning: Label `Menambahkan Ambang Batas' multiply defined.


LaTeX Warning: Label `Menambahkan Ambang Batas@cref' multiply defined.


LaTeX Warning: Label `Menambahkan Ambang Batas' multiply defined.


LaTeX Warning: Label `Menambahkan Ambang Batas@cref' multiply defined.

) (chapters/bab4.aux

LaTeX Warning: Label `Potongan Kode untuk Pembuatan Chart' multiply defined.


LaTeX Warning: Label `Potongan Kode untuk Pembuatan Chart@cref' multiply define
d.


LaTeX Warning: Label `Grafik Komparasi Chart.js' multiply defined.


LaTeX Warning: Label `Grafik Komparasi Chart.js@cref' multiply defined.


LaTeX Warning: Label `Grafik Komparasi D3' multiply defined.


LaTeX Warning: Label `Grafik Komparasi D3@cref' multiply defined.


LaTeX Warning: Label `Grafik Komparasi Highcharts' multiply defined.


LaTeX Warning: Label `Grafik Komparasi Highcharts@cref' multiply defined.

) (chapters/bab5.aux) (chapters/lembarPerbaikan.aux))
\openout1 = `laporan_PA.aux'.

LaTeX Font Info:    Checking defaults for OML/cmm/m/it on input line 20.
LaTeX Font Info:    ... okay on input line 20.
LaTeX Font Info:    Checking defaults for OMS/cmsy/m/n on input line 20.
LaTeX Font Info:    ... okay on input line 20.
LaTeX Font Info:    Checking defaults for OT1/cmr/m/n on input line 20.
LaTeX Font Info:    ... okay on input line 20.
LaTeX Font Info:    Checking defaults for T1/cmr/m/n on input line 20.
LaTeX Font Info:    ... okay on input line 20.
LaTeX Font Info:    Checking defaults for TS1/cmr/m/n on input line 20.
LaTeX Font Info:    ... okay on input line 20.
LaTeX Font Info:    Checking defaults for OMX/cmex/m/n on input line 20.
LaTeX Font Info:    ... okay on input line 20.
LaTeX Font Info:    Checking defaults for U/cmr/m/n on input line 20.
LaTeX Font Info:    ... okay on input line 20.
LaTeX Font Info:    Checking defaults for PD1/pdf/m/n on input line 20.
LaTeX Font Info:    ... okay on input line 20.
LaTeX Font Info:    Checking defaults for PU/pdf/m/n on input line 20.
LaTeX Font Info:    ... okay on input line 20.

(C:\Users\ASUS\AppData\Local\Programs\MiKTeX\tex/context/base/mkii\supp-pdf.mki
i
[Loading MPS to PDF converter (version 2006.09.02).]
\scratchcounter=\count411
\scratchdimen=\dimen358
\scratchbox=\box92
\nofMPsegments=\count412
\nofMParguments=\count413
\everyMPshowfont=\toks54
\MPscratchCnt=\count414
\MPscratchDim=\dimen359
\MPnumerator=\count415
\makeMPintoPDFobject=\count416
\everyMPtoPDFconversion=\toks55
)
(C:\Users\ASUS\AppData\Local\Programs\MiKTeX\tex/latex/epstopdf-pkg\epstopdf-ba
se.sty
Package: epstopdf-base 2020-01-24 v2.11 Base part for package epstopdf
Package epstopdf-base Info: Redefining graphics rule for `.eps' on input line 4
85.

(C:\Users\ASUS\AppData\Local\Programs\MiKTeX\tex/latex/00miktex\epstopdf-sys.cf
g
File: epstopdf-sys.cfg 2021/03/18 v2.0 Configuration of epstopdf for MiKTeX
))
Package caption Info: Begin \AtBeginDocument code.
Package caption Info: changepage package is loaded.
\caption@adjustwidth@hsize=\dimen360
\caption@adjustwidth@linewidth=\dimen361
Package caption Info: hyperref package is loaded.
Package caption Info: listings package is loaded.
Package caption Info: longtable package is loaded.

(C:\Users\ASUS\AppData\Local\Programs\MiKTeX\tex/latex/caption\ltcaption.sty
Package: ltcaption 2021/01/08 v1.4c longtable captions (AR)
)
Package caption Info: rotating package is loaded.
Package caption Info: wrapfig package is loaded.
Package caption Info: End \AtBeginDocument code.
Package translations Info: no dictionary file `translations-basic-dictionary-ma
lay.trsl' found. on input line 20.

*geometry* driver: auto-detecting
*geometry* detected driver: pdftex
*geometry* verbose mode - [ preamble ] result:
* driver: pdftex
* paper: a4paper
* layout: <same size as paper>
* layoutoffset:(h,v)=(0.0pt,0.0pt)
* modes: 
* h-part:(L,W,R)=(85.35826pt, 441.01773pt, 71.13188pt)
* v-part:(T,H,B)=(85.35826pt, 674.33032pt, 85.35826pt)
* \paperwidth=597.50787pt
* \paperheight=845.04684pt
* \textwidth=441.01773pt
* \textheight=674.33032pt
* \oddsidemargin=13.08827pt
* \evensidemargin=13.08827pt
* \topmargin=-23.91173pt
* \headheight=12.0pt
* \headsep=25.0pt
* \topskip=12.0pt
* \footskip=30.0pt
* \marginparwidth=35.0pt
* \marginparsep=10.0pt
* \columnsep=10.0pt
* \skip\footins=10.8pt plus 4.0pt minus 2.0pt
* \hoffset=0.0pt
* \voffset=0.0pt
* \mag=1000
* \@twocolumnfalse
* \@twosidefalse
* \@mparswitchfalse
* \@reversemarginfalse
* (1in=72.27pt=25.4mm, 1cm=28.453pt)

\c@lstlisting=\count417
Package hyperref Info: Link coloring OFF on input line 20.
(laporan_PA.out) (laporan_PA.out)
\@outlinefile=\write4
\openout4 = `laporan_PA.out'.

\openout2 = `chapters/sampul.aux'.

 (chapters/sampul.tex
<gambar/logo-ugm.png, id=314, 290.7663pt x 305.4612pt>
File: gambar/logo-ugm.png Graphic file (type png)
<use gambar/logo-ugm.png>
Package pdftex.def Info: gambar/logo-ugm.png  used on input line 9.
(pdftex.def)             Requested size: 154.35889pt x 162.16399pt.
LaTeX Font Info:    Trying to load font information for U+stmry on input line 1
2.

(C:\Users\ASUS\AppData\Local\Programs\MiKTeX\tex/latex/stmaryrd\ustmry.fd)

[1


{C:/Users/ASUS/AppData/Local/MiKTeX/fonts/map/pdftex/pdftex.map} <./gambar/logo
-ugm.png>])
\openout2 = `chapters/sampuldalam.aux'.

 (chapters/sampuldalam.tex

[1



])
\openout2 = `chapters/pengesahan.aux'.

 (chapters/pengesahan.tex
Overfull \hbox (644.6648pt too wide) in paragraph at lines 12--19
[][] 
 []

)


pdfTeX warning (ext4): destination with the same identifier (name{page.i}) has 
been already used, duplicate ignored
<to be read again> 
                   \relax 
l.24 \include{chapters/pengesahan}
                                   [1



]
\openout2 = `chapters/pernyataan.aux'.

 (chapters/pernyataan.tex)

[2



]
\openout2 = `chapters/motto.aux'.

 (chapters/motto.tex)

[3




]
\openout2 = `chapters/katapengantar.aux'.

 (chapters/katapengantar.tex)

[4




]
\openout2 = `chapters/daftarisi.aux'.

 (chapters/daftarisi.tex (laporan_PA.toc

[5




]

[6])
\tf@toc=\write5
\openout5 = `laporan_PA.toc'.

)

[7]
\openout2 = `chapters/daftargambar.aux'.

 (chapters/daftargambar.tex (laporan_PA.lof

[8




])
\tf@lof=\write6
\openout6 = `laporan_PA.lof'.

)

[9]
\openout2 = `chapters/daftartabel.aux'.

 (chapters/daftartabel.tex (laporan_PA.lot)
\tf@lot=\write7
\openout7 = `laporan_PA.lot'.

)

[10




]
\openout2 = `chapters/daftarsingkatan.aux'.

 (chapters/daftarsingkatan.tex)

[11




]
\openout2 = `chapters/abstrak.aux'.

 (chapters/abstrak.tex)

[12




]
\openout2 = `chapters/abstract.aux'.

 (chapters/abstract.tex)

[13




]
\openout2 = `chapters/bab1.aux'.

 (chapters/bab1.tex
Bab 1.



pdfTeX warning (ext4): destination with the same identifier (name{page.1}) has 
been already used, duplicate ignored
<to be read again> 
                   \relax 
l.10 
      [1




]

[2]

LaTeX Warning: Citation `muhammadred' on page 3 undefined on input line 25.



[3])

[4]

[5]
\openout2 = `chapters/bab2.aux'.

 (chapters/bab2.tex
Bab 2.


[6




]

[7] [8] [9]

[10]

[11]

[12]

[13]

[14]
<gambar/Dasar teori/LineChart.png, id=769, 657.2053pt x 323.70938pt>
File: gambar/Dasar teori/LineChart.png Graphic file (type png)
<use gambar/Dasar teori/LineChart.png>
Package pdftex.def Info: gambar/Dasar teori/LineChart.png  used on input line 1
07.
(pdftex.def)             Requested size: 352.81552pt x 173.78294pt.
<gambar/Dasar teori/Bar Chart.png, id=770, 696.35156pt x 327.47343pt>
File: gambar/Dasar teori/Bar Chart.png Graphic file (type png)
<use gambar/Dasar teori/Bar Chart.png>
Package pdftex.def Info: gambar/Dasar teori/Bar Chart.png  used on input line 1
17.
(pdftex.def)             Requested size: 352.81552pt x 165.91994pt.


[15 <./gambar/Dasar teori/LineChart.png>]
<gambar/Dasar teori/scatter.png, id=779, 713.66624pt x 321.45094pt>
File: gambar/Dasar teori/scatter.png Graphic file (type png)
<use gambar/Dasar teori/scatter.png>
Package pdftex.def Info: gambar/Dasar teori/scatter.png  used on input line 127
.
(pdftex.def)             Requested size: 352.81552pt x 158.91515pt.


[16 <./gambar/Dasar teori/Bar Chart.png> <./gambar/Dasar teori/scatter.png>]

[17]

[18])

[19]
\openout2 = `chapters/bab3.aux'.

 (chapters/bab3.tex
Bab 3.


[20




]
<gambar/Metodologi/StrukturJson.png, id=821, 350.05782pt x 325.96782pt>
File: gambar/Metodologi/StrukturJson.png Graphic file (type png)
<use gambar/Metodologi/StrukturJson.png>
Package pdftex.def Info: gambar/Metodologi/StrukturJson.png  used on input line
 17.
(pdftex.def)             Requested size: 329.31567pt x 306.67339pt.
LaTeX Font Info:    Trying to load font information for OT1+pcr on input line 1
9.
 (C:\Users\ASUS\AppData\Local\Programs\MiKTeX\tex/latex/psnfss\ot1pcr.fd
File: ot1pcr.fd 2001/06/04 font definitions for OT1/pcr.
)
<gambar/Dasar teori/Sensor BME280.png, id=822, 344.03531pt x 292.09125pt>
File: gambar/Dasar teori/Sensor BME280.png Graphic file (type png)
<use gambar/Dasar teori/Sensor BME280.png>
Package pdftex.def Info: gambar/Dasar teori/Sensor BME280.png  used on input li
ne 31.
(pdftex.def)             Requested size: 352.81552pt x 299.54698pt.


[21{C:/Users/ASUS/AppData/Local/Programs/MiKTeX/fonts/enc/dvips/base/8r.enc} <.
/gambar/Metodologi/StrukturJson.png>]
<gambar/Dasar teori/Flask.png, id=831, 578.16pt x 129.48375pt>
File: gambar/Dasar teori/Flask.png Graphic file (type png)
<use gambar/Dasar teori/Flask.png>
Package pdftex.def Info: gambar/Dasar teori/Flask.png  used on input line 42.
(pdftex.def)             Requested size: 352.81552pt x 79.01459pt.


[22 <./gambar/Dasar teori/Sensor BME280.png>]
<gambar/Dasar teori/Library.png, id=841, 587.94656pt x 103.13531pt>
File: gambar/Dasar teori/Library.png Graphic file (type png)
<use gambar/Dasar teori/Library.png>
Package pdftex.def Info: gambar/Dasar teori/Library.png  used on input line 50.

(pdftex.def)             Requested size: 352.81552pt x 61.88951pt.
<gambar/Dasar teori/Initiate.png, id=842, 601.4972pt x 113.67468pt>
File: gambar/Dasar teori/Initiate.png Graphic file (type png)
<use gambar/Dasar teori/Initiate.png>
Package pdftex.def Info: gambar/Dasar teori/Initiate.png  used on input line 65
.
(pdftex.def)             Requested size: 352.81552pt x 66.67894pt.


[23 <./gambar/Dasar teori/Flask.png> <./gambar/Dasar teori/Library.png>]
<gambar/Dasar teori/variabel.png, id=856, 595.47469pt x 60.97781pt>
File: gambar/Dasar teori/variabel.png Graphic file (type png)
<use gambar/Dasar teori/variabel.png>
Package pdftex.def Info: gambar/Dasar teori/variabel.png  used on input line 73
.
(pdftex.def)             Requested size: 352.81552pt x 36.12917pt.
<gambar/Dasar teori/generate_dummy.png, id=857, 470.50781pt x 516.42938pt>
File: gambar/Dasar teori/generate_dummy.png Graphic file (type png)
<use gambar/Dasar teori/generate_dummy.png>
Package pdftex.def Info: gambar/Dasar teori/generate_dummy.png  used on input l
ine 89.
(pdftex.def)             Requested size: 352.81552pt x 387.25015pt.


[24 <./gambar/Dasar teori/Initiate.png> <./gambar/Dasar teori/variabel.png>]
<gambar/Dasar teori/API.png, id=872, 499.8675pt x 115.93312pt>
File: gambar/Dasar teori/API.png Graphic file (type png)
<use gambar/Dasar teori/API.png>
Package pdftex.def Info: gambar/Dasar teori/API.png  used on input line 97.
(pdftex.def)             Requested size: 352.81552pt x 81.83014pt.
<gambar/Dasar teori/threading.png, id=873, 559.33969pt x 133.24782pt>
File: gambar/Dasar teori/threading.png Graphic file (type png)
<use gambar/Dasar teori/threading.png>
Package pdftex.def Info: gambar/Dasar teori/threading.png  used on input line 1
05.
(pdftex.def)             Requested size: 352.81552pt x 84.05228pt.


[25 <./gambar/Dasar teori/generate_dummy.png> <./gambar/Dasar teori/API.png>]
<gambar/Dasar teori/Run.png, id=882, 487.06969pt x 89.58469pt>
File: gambar/Dasar teori/Run.png Graphic file (type png)
<use gambar/Dasar teori/Run.png>
Package pdftex.def Info: gambar/Dasar teori/Run.png  used on input line 113.
(pdftex.def)             Requested size: 352.81552pt x 64.89186pt.


[26 <./gambar/Dasar teori/threading.png> <./gambar/Dasar teori/Run.png>]
<gambar/Metodologi/StrukturJSON2.png, id=891, 1140.51094pt x 639.13782pt>
File: gambar/Metodologi/StrukturJSON2.png Graphic file (type png)
<use gambar/Metodologi/StrukturJSON2.png>
Package pdftex.def Info: gambar/Metodologi/StrukturJSON2.png  used on input lin
e 128.
(pdftex.def)             Requested size: 329.31567pt x 184.54552pt.

Overfull \hbox (8.5624pt too wide) in paragraph at lines 131--131
[]|\OT1/pcr/m/n/12 crop[]coefficient[]stage| 
 []


Overfull \hbox (4.24239pt too wide) in paragraph at lines 139--139
[]|\OT1/pcr/m/n/12 reference[]evaporation| 
 []



[27 <./gambar/Metodologi/StrukturJSON2.png>]
<gambar/Metodologi/Mount_preprocessing.png, id=898, 408.02437pt x 184.43906pt>
File: gambar/Metodologi/Mount_preprocessing.png Graphic file (type png)
<use gambar/Metodologi/Mount_preprocessing.png>
Package pdftex.def Info: gambar/Metodologi/Mount_preprocessing.png  used on inp
ut line 153.
(pdftex.def)             Requested size: 352.81552pt x 159.48973pt.
<gambar/Metodologi/kolom_timestamp.png, id=899, 408.02437pt x 184.43906pt>
File: gambar/Metodologi/kolom_timestamp.png Graphic file (type png)
<use gambar/Metodologi/kolom_timestamp.png>
Package pdftex.def Info: gambar/Metodologi/kolom_timestamp.png  used on input l
ine 160.
(pdftex.def)             Requested size: 352.81552pt x 159.48973pt.
<gambar/Metodologi/endpoint.png, id=900, 412.54124pt x 203.25937pt>
File: gambar/Metodologi/endpoint.png Graphic file (type png)
<use gambar/Metodologi/endpoint.png>
Package pdftex.def Info: gambar/Metodologi/endpoint.png  used on input line 167
.
(pdftex.def)             Requested size: 352.81552pt x 173.83508pt.


[28 <./gambar/Metodologi/Mount_preprocessing.png> <./gambar/Metodologi/kolom_ti
mestamp.png>]
<gambar/Metodologi/run.png, id=912, 441.14813pt x 44.41594pt>
File: gambar/Metodologi/run.png Graphic file (type png)
<use gambar/Metodologi/run.png>
Package pdftex.def Info: gambar/Metodologi/run.png  used on input line 174.
(pdftex.def)             Requested size: 352.81552pt x 35.52397pt.
 [29 <./gambar/Metodologi/endpoint.png> <./gambar/Metodologi/run.png>]

[30]
<gambar/Metodologi/Alur penelitian.png, id=925, 683.55376pt x 543.02875pt>
File: gambar/Metodologi/Alur penelitian.png Graphic file (type png)
<use gambar/Metodologi/Alur penelitian.png>
Package pdftex.def Info: gambar/Metodologi/Alur penelitian.png  used on input l
ine 251.
(pdftex.def)             Requested size: 352.81552pt x 280.28851pt.


[31 <./gambar/Metodologi/Alur penelitian.png>]
Overfull \hbox (1.21532pt too wide) in paragraph at lines 293--294
\OT1/pcr/m/n/12 chart.update()|  
 []


Overfull \hbox (7.3208pt too wide) in paragraph at lines 269--298
 [][] 
 []



[32]

[33]
<gambar/Metodologi/Use Case.png, id=942, 522.95375pt x 512.91624pt>
File: gambar/Metodologi/Use Case.png Graphic file (type png)
<use gambar/Metodologi/Use Case.png>
Package pdftex.def Info: gambar/Metodologi/Use Case.png  used on input line 321
.
(pdftex.def)             Requested size: 352.81552pt x 346.047pt.


[34]
<gambar/Metodologi/Sequence Diagram.png, id=952, 609.77812pt x 474.27188pt>
File: gambar/Metodologi/Sequence Diagram.png Graphic file (type png)
<use gambar/Metodologi/Sequence Diagram.png>
Package pdftex.def Info: gambar/Metodologi/Sequence Diagram.png  used on input 
line 330.
(pdftex.def)             Requested size: 352.81552pt x 274.41933pt.


[35 <./gambar/Metodologi/Use Case.png>]
<gambar/Metodologi/main.png, id=958, 1445.4pt x 1027.84pt>
File: gambar/Metodologi/main.png Graphic file (type png)
<use gambar/Metodologi/main.png>
Package pdftex.def Info: gambar/Metodologi/main.png  used on input line 342.
(pdftex.def)             Requested size: 352.81552pt x 250.88983pt.


[36 <./gambar/Metodologi/Sequence Diagram.png>]
<gambar/Metodologi/formula.png, id=966, 833.1125pt x 519.9425pt>
File: gambar/Metodologi/formula.png Graphic file (type png)
<use gambar/Metodologi/formula.png>
Package pdftex.def Info: gambar/Metodologi/formula.png  used on input line 351.

(pdftex.def)             Requested size: 352.81552pt x 220.19118pt.


[37 <./gambar/Metodologi/main.png>]
<gambar/Metodologi/threshold.png, id=973, 833.1125pt x 519.9425pt>
File: gambar/Metodologi/threshold.png Graphic file (type png)
<use gambar/Metodologi/threshold.png>
Package pdftex.def Info: gambar/Metodologi/threshold.png  used on input line 35
9.
(pdftex.def)             Requested size: 352.81552pt x 220.19118pt.
<gambar/Metodologi/compare.png, id=974, 833.1125pt x 519.9425pt>
File: gambar/Metodologi/compare.png Graphic file (type png)
<use gambar/Metodologi/compare.png>
Package pdftex.def Info: gambar/Metodologi/compare.png  used on input line 367.

(pdftex.def)             Requested size: 352.81552pt x 220.19118pt.


[38 <./gambar/Metodologi/formula.png> <./gambar/Metodologi/threshold.png>]
<gambar/Metodologi/visualization page.png, id=983, 1445.4pt x 1027.84pt>
File: gambar/Metodologi/visualization page.png Graphic file (type png)
<use gambar/Metodologi/visualization page.png>
Package pdftex.def Info: gambar/Metodologi/visualization page.png  used on inpu
t line 375.
(pdftex.def)             Requested size: 352.81552pt x 250.88983pt.


[39 <./gambar/Metodologi/compare.png> <./gambar/Metodologi/visualization page.p
ng>]
<gambar/Metodologi/Start Performance Now.png, id=993, 445.665pt x 54.2025pt>
File: gambar/Metodologi/Start Performance Now.png Graphic file (type png)
<use gambar/Metodologi/Start Performance Now.png>
Package pdftex.def Info: gambar/Metodologi/Start Performance Now.png  used on i
nput line 395.
(pdftex.def)             Requested size: 352.81552pt x 42.91048pt.
File: gambar/Metodologi/Start Performance Now.png Graphic file (type png)
<use gambar/Metodologi/Start Performance Now.png>
Package pdftex.def Info: gambar/Metodologi/Start Performance Now.png  used on i
nput line 401.
(pdftex.def)             Requested size: 352.81552pt x 42.91048pt.


[40]
<gambar/Metodologi/Task Manager.png, id=1003, 478.03593pt x 256.70906pt>
File: gambar/Metodologi/Task Manager.png Graphic file (type png)
<use gambar/Metodologi/Task Manager.png>
Package pdftex.def Info: gambar/Metodologi/Task Manager.png  used on input line
 413.
(pdftex.def)             Requested size: 352.81552pt x 189.46425pt.


[41 <./gambar/Metodologi/Start Performance Now.png>]

[42 <./gambar/Metodologi/Task Manager.png>])

[43]
\openout2 = `chapters/bab4.aux'.

 (chapters/bab4.tex
Bab 4.
<gambar/Pembahasan/generate API.png, id=1022, 507.39563pt x 88.07906pt>
File: gambar/Pembahasan/generate API.png Graphic file (type png)
<use gambar/Pembahasan/generate API.png>
Package pdftex.def Info: gambar/Pembahasan/generate API.png  used on input line
 10.
(pdftex.def)             Requested size: 352.81552pt x 61.24768pt.
<gambar/Pembahasan/fungsi Generate.png, id=1023, 411.78844pt x 590.205pt>
File: gambar/Pembahasan/fungsi Generate.png Graphic file (type png)
<use gambar/Pembahasan/fungsi Generate.png>
Package pdftex.def Info: gambar/Pembahasan/fungsi Generate.png  used on input l
ine 18.
(pdftex.def)             Requested size: 352.81552pt x 505.68419pt.


[44




 <./gambar/Pembahasan/generate API.png>]
<gambar/Pembahasan/use Feature.png, id=1029, 505.89pt x 40.65187pt>
File: gambar/Pembahasan/use Feature.png Graphic file (type png)
<use gambar/Pembahasan/use Feature.png>
Package pdftex.def Info: gambar/Pembahasan/use Feature.png  used on input line 
29.
(pdftex.def)             Requested size: 352.81552pt x 28.3519pt.


[45 <./gambar/Pembahasan/fungsi Generate.png>]
<gambar/Pembahasan/menyimpan log.png, id=1035, 448.67625pt x 335.75438pt>
File: gambar/Pembahasan/menyimpan log.png Graphic file (type png)
<use gambar/Pembahasan/menyimpan log.png>
Package pdftex.def Info: gambar/Pembahasan/menyimpan log.png  used on input lin
e 43.
(pdftex.def)             Requested size: 352.81552pt x 264.02885pt.


[46 <./gambar/Pembahasan/use Feature.png>]
<gambar/Pembahasan/Fungsi Fetch Data.png, id=1043, 593.21625pt x 377.91188pt>
File: gambar/Pembahasan/Fungsi Fetch Data.png Graphic file (type png)
<use gambar/Pembahasan/Fungsi Fetch Data.png>
Package pdftex.def Info: gambar/Pembahasan/Fungsi Fetch Data.png  used on input
 line 51.
(pdftex.def)             Requested size: 352.81552pt x 224.77097pt.
<gambar/Pembahasan/update all data.png, id=1044, 535.2497pt x 71.51718pt>
File: gambar/Pembahasan/update all data.png Graphic file (type png)
<use gambar/Pembahasan/update all data.png>
Package pdftex.def Info: gambar/Pembahasan/update all data.png  used on input l
ine 60.
(pdftex.def)             Requested size: 352.81552pt x 47.14363pt.


[47 <./gambar/Pembahasan/menyimpan log.png> <./gambar/Pembahasan/Fungsi Fetch D
ata.png>]
<gambar/Pembahasan/button new visualization.png, id=1052, 950.80219pt x 310.158
75pt>
File: gambar/Pembahasan/button new visualization.png Graphic file (type png)
<use gambar/Pembahasan/button new visualization.png>
Package pdftex.def Info: gambar/Pembahasan/button new visualization.png  used o
n input line 70.
(pdftex.def)             Requested size: 352.81552pt x 115.09296pt.
<gambar/Pembahasan/Fungsi new visualization.png, id=1053, 626.34pt x 607.51968p
t>
File: gambar/Pembahasan/Fungsi new visualization.png Graphic file (type png)
<use gambar/Pembahasan/Fungsi new visualization.png>
Package pdftex.def Info: gambar/Pembahasan/Fungsi new visualization.png  used o
n input line 79.
(pdftex.def)             Requested size: 352.81552pt x 342.22028pt.


[48 <./gambar/Pembahasan/update all data.png> <./gambar/Pembahasan/button new v
isualization.png>]
<gambar/Pembahasan/fungsi_populate_dropdown.png, id=1061, 628.59843pt x 533.744
06pt>
File: gambar/Pembahasan/fungsi_populate_dropdown.png Graphic file (type png)
<use gambar/Pembahasan/fungsi_populate_dropdown.png>
Package pdftex.def Info: gambar/Pembahasan/fungsi_populate_dropdown.png  used o
n input line 90.
(pdftex.def)             Requested size: 352.81552pt x 299.5706pt.


[49 <./gambar/Pembahasan/Fungsi new visualization.png>]

[50 <./gambar/Pembahasan/fungsi_populate_dropdown.png>]
<gambar/Pembahasan/delete-chart.png, id=1075, 642.90187pt x 176.91093pt>
File: gambar/Pembahasan/delete-chart.png Graphic file (type png)
<use gambar/Pembahasan/delete-chart.png>
Package pdftex.def Info: gambar/Pembahasan/delete-chart.png  used on input line
 104.
(pdftex.def)             Requested size: 352.81552pt x 97.08804pt.
<gambar/Pembahasan/Init variabel cjss.png, id=1076, 444.91219pt x 210.03468pt>
File: gambar/Pembahasan/Init variabel cjss.png Graphic file (type png)
<use gambar/Pembahasan/Init variabel cjss.png>
Package pdftex.def Info: gambar/Pembahasan/Init variabel cjss.png  used on inpu
t line 117.
(pdftex.def)             Requested size: 352.81552pt x 166.55693pt.


[51 <./gambar/Pembahasan/delete-chart.png>]
<gambar/Pembahasan/type visual.png, id=1084, 456.95718pt x 188.95593pt>
File: gambar/Pembahasan/type visual.png Graphic file (type png)
<use gambar/Pembahasan/type visual.png>
Package pdftex.def Info: gambar/Pembahasan/type visual.png  used on input line 
125.
(pdftex.def)             Requested size: 352.81552pt x 145.89728pt.
<gambar/Pembahasan/Chartinstance cjs.png, id=1085, 453.19313pt x 577.40718pt>
File: gambar/Pembahasan/Chartinstance cjs.png Graphic file (type png)
<use gambar/Pembahasan/Chartinstance cjs.png>
Package pdftex.def Info: gambar/Pembahasan/Chartinstance cjs.png  used on input
 line 134.
(pdftex.def)             Requested size: 352.81552pt x 449.52118pt.


[52 <./gambar/Pembahasan/Init variabel cjss.png> <./gambar/Pembahasan/type visu
al.png>]

[53 <./gambar/Pembahasan/Chartinstance cjs.png>]
<gambar/Pembahasan/update data cjs.png, id=1100, 904.1278pt x 1376.89406pt>
File: gambar/Pembahasan/update data cjs.png Graphic file (type png)
<use gambar/Pembahasan/update data cjs.png>
Package pdftex.def Info: gambar/Pembahasan/update data cjs.png  used on input l
ine 143.
(pdftex.def)             Requested size: 352.81552pt x 537.30167pt.


[54]

[55 <./gambar/Pembahasan/update data cjs.png>]
<gambar/Pembahasan/create axis d3.png, id=1111, 629.35126pt x 660.21657pt>
File: gambar/Pembahasan/create axis d3.png Graphic file (type png)
<use gambar/Pembahasan/create axis d3.png>
Package pdftex.def Info: gambar/Pembahasan/create axis d3.png  used on input li
ne 158.
(pdftex.def)             Requested size: 352.81552pt x 370.12172pt.


[56]
<gambar/Pembahasan/Create Tooltip.png, id=1117, 588.69937pt x 164.11313pt>
File: gambar/Pembahasan/Create Tooltip.png Graphic file (type png)
<use gambar/Pembahasan/Create Tooltip.png>
Package pdftex.def Info: gambar/Pembahasan/Create Tooltip.png  used on input li
ne 165.
(pdftex.def)             Requested size: 352.81552pt x 98.35594pt.
<gambar/Pembahasan/implementasi bar chart.png, id=1118, 631.60968pt x 327.47343
pt>
File: gambar/Pembahasan/implementasi bar chart.png Graphic file (type png)
<use gambar/Pembahasan/implementasi bar chart.png>
Package pdftex.def Info: gambar/Pembahasan/implementasi bar chart.png  used on 
input line 172.
(pdftex.def)             Requested size: 352.81552pt x 182.92915pt.


[57 <./gambar/Pembahasan/create axis d3.png> <./gambar/Pembahasan/Create Toolti
p.png>]
File: gambar/Pembahasan/implementasi bar chart.png Graphic file (type png)
<use gambar/Pembahasan/implementasi bar chart.png>
Package pdftex.def Info: gambar/Pembahasan/implementasi bar chart.png  used on 
input line 179.
(pdftex.def)             Requested size: 352.81552pt x 182.92915pt.
<gambar/Pembahasan/implementasi scatter plot.png, id=1127, 643.6547pt x 346.293
75pt>
File: gambar/Pembahasan/implementasi scatter plot.png Graphic file (type png)
<use gambar/Pembahasan/implementasi scatter plot.png>
Package pdftex.def Info: gambar/Pembahasan/implementasi scatter plot.png  used 
on input line 186.
(pdftex.def)             Requested size: 352.81552pt x 189.82277pt.


[58 <./gambar/Pembahasan/implementasi bar chart.png>]
<gambar/Pembahasan/Fungsi Update D3.png, id=1136, 447.17062pt x 462.97969pt>
File: gambar/Pembahasan/Fungsi Update D3.png Graphic file (type png)
<use gambar/Pembahasan/Fungsi Update D3.png>
Package pdftex.def Info: gambar/Pembahasan/Fungsi Update D3.png  used on input 
line 194.
(pdftex.def)             Requested size: 352.81552pt x 365.2978pt.


[59 <./gambar/Pembahasan/implementasi scatter plot.png> <./gambar/Pembahasan/Fu
ngsi Update D3.png>]
<gambar/Pembahasan/Init Highcharts.png, id=1144, 463.7325pt x 278.54062pt>
File: gambar/Pembahasan/Init Highcharts.png Graphic file (type png)
<use gambar/Pembahasan/Init Highcharts.png>
Package pdftex.def Info: gambar/Pembahasan/Init Highcharts.png  used on input l
ine 210.
(pdftex.def)             Requested size: 352.81552pt x 211.92258pt.
<gambar/Pembahasan/Membuat chart highcharts.png, id=1145, 451.6875pt x 546.5418
7pt>
File: gambar/Pembahasan/Membuat chart highcharts.png Graphic file (type png)
<use gambar/Pembahasan/Membuat chart highcharts.png>
Package pdftex.def Info: gambar/Pembahasan/Membuat chart highcharts.png  used o
n input line 218.
(pdftex.def)             Requested size: 352.81552pt x 426.93474pt.


[60 <./gambar/Pembahasan/Init Highcharts.png>]

[61 <./gambar/Pembahasan/Membuat chart highcharts.png>]
<gambar/Pembahasan/Update Highcharts.png, id=1158, 456.20438pt x 465.99094pt>
File: gambar/Pembahasan/Update Highcharts.png Graphic file (type png)
<use gambar/Pembahasan/Update Highcharts.png>
Package pdftex.def Info: gambar/Pembahasan/Update Highcharts.png  used on input
 line 231.
(pdftex.def)             Requested size: 352.81552pt x 360.39264pt.


[62]

[63 <./gambar/Pembahasan/Update Highcharts.png>]
<gambar/Pembahasan/FIX_Render/render chart js_fix.png, id=1169, 1300.86pt x 433
.62pt>
File: gambar/Pembahasan/FIX_Render/render chart js_fix.png Graphic file (type p
ng)
<use gambar/Pembahasan/FIX_Render/render chart js_fix.png>
Package pdftex.def Info: gambar/Pembahasan/FIX_Render/render chart js_fix.png  
used on input line 274.
(pdftex.def)             Requested size: 352.81552pt x 117.60167pt.


[64 <./gambar/Pembahasan/FIX_Render/render chart js_fix.png>]

[65]
<gambar/Pembahasan/FIX_Render/d3.png, id=1181, 1300.86pt x 433.62pt>
File: gambar/Pembahasan/FIX_Render/d3.png Graphic file (type png)
<use gambar/Pembahasan/FIX_Render/d3.png>
Package pdftex.def Info: gambar/Pembahasan/FIX_Render/d3.png  used on input lin
e 316.
(pdftex.def)             Requested size: 352.81552pt x 117.60167pt.


[66 <./gambar/Pembahasan/FIX_Render/d3.png>]
<gambar/Pembahasan/FIX_Render/hc.png, id=1187, 1300.86pt x 433.62pt>
File: gambar/Pembahasan/FIX_Render/hc.png Graphic file (type png)
<use gambar/Pembahasan/FIX_Render/hc.png>
Package pdftex.def Info: gambar/Pembahasan/FIX_Render/hc.png  used on input lin
e 359.
(pdftex.def)             Requested size: 352.81552pt x 117.60167pt.


[67]
<gambar/Pembahasan/Mengukur CPU.png, id=1192, 547.2947pt x 379.4175pt>
File: gambar/Pembahasan/Mengukur CPU.png Graphic file (type png)
<use gambar/Pembahasan/Mengukur CPU.png>
Package pdftex.def Info: gambar/Pembahasan/Mengukur CPU.png  used on input line
 372.
(pdftex.def)             Requested size: 352.81552pt x 244.59793pt.


[68 <./gambar/Pembahasan/FIX_Render/hc.png>] [69 <./gambar/Pembahasan/Mengukur 
CPU.png>]
<gambar/Pembahasan/FIX_CPU/cjs compare.png, id=1206, 1300.86pt x 437.2335pt>
File: gambar/Pembahasan/FIX_CPU/cjs compare.png Graphic file (type png)
<use gambar/Pembahasan/FIX_CPU/cjs compare.png>
Package pdftex.def Info: gambar/Pembahasan/FIX_CPU/cjs compare.png  used on inp
ut line 412.
(pdftex.def)             Requested size: 352.81552pt x 118.58168pt.
 [70 <./gambar/Pembahasan/FIX_CPU/cjs compare.png>]
<gambar/Pembahasan/FIX_CPU/d3_compare.png, id=1213, 1300.86pt x 433.62pt>
File: gambar/Pembahasan/FIX_CPU/d3_compare.png Graphic file (type png)
<use gambar/Pembahasan/FIX_CPU/d3_compare.png>
Package pdftex.def Info: gambar/Pembahasan/FIX_CPU/d3_compare.png  used on inpu
t line 449.
(pdftex.def)             Requested size: 352.81552pt x 117.60167pt.


[71 <./gambar/Pembahasan/FIX_CPU/d3_compare.png>]
<gambar/Pembahasan/FIX_CPU/hc_compare.png, id=1219, 1300.86pt x 433.62pt>
File: gambar/Pembahasan/FIX_CPU/hc_compare.png Graphic file (type png)
<use gambar/Pembahasan/FIX_CPU/hc_compare.png>
Package pdftex.def Info: gambar/Pembahasan/FIX_CPU/hc_compare.png  used on inpu
t line 485.
(pdftex.def)             Requested size: 352.81552pt x 117.60167pt.


[72 <./gambar/Pembahasan/FIX_CPU/hc_compare.png>]
<gambar/Pembahasan/FIX_Memori/cjs.png, id=1225, 1300.86pt x 433.62pt>
File: gambar/Pembahasan/FIX_Memori/cjs.png Graphic file (type png)
<use gambar/Pembahasan/FIX_Memori/cjs.png>
Package pdftex.def Info: gambar/Pembahasan/FIX_Memori/cjs.png  used on input li
ne 532.
(pdftex.def)             Requested size: 352.81552pt x 117.60167pt.


[73]
<gambar/Pembahasan/FIX_Memori/D3.png, id=1233, 1300.86pt x 433.62pt>
File: gambar/Pembahasan/FIX_Memori/D3.png Graphic file (type png)
<use gambar/Pembahasan/FIX_Memori/D3.png>
Package pdftex.def Info: gambar/Pembahasan/FIX_Memori/D3.png  used on input lin
e 569.
(pdftex.def)             Requested size: 352.81552pt x 117.60167pt.


[74 <./gambar/Pembahasan/FIX_Memori/cjs.png>]

[75 <./gambar/Pembahasan/FIX_Memori/D3.png>]
<gambar/Pembahasan/FIX_Memori/hc.png, id=1244, 1300.86pt x 433.62pt>
File: gambar/Pembahasan/FIX_Memori/hc.png Graphic file (type png)
<use gambar/Pembahasan/FIX_Memori/hc.png>
Package pdftex.def Info: gambar/Pembahasan/FIX_Memori/hc.png  used on input lin
e 606.
(pdftex.def)             Requested size: 352.81552pt x 117.60167pt.


[76 <./gambar/Pembahasan/FIX_Memori/hc.png>]

[77]
<gambar/Pembahasan/FIX_Render/Figure_1.png, id=1255, 1011.78pt x 505.89pt>
File: gambar/Pembahasan/FIX_Render/Figure_1.png Graphic file (type png)
<use gambar/Pembahasan/FIX_Render/Figure_1.png>
Package pdftex.def Info: gambar/Pembahasan/FIX_Render/Figure_1.png  used on inp
ut line 648.
(pdftex.def)             Requested size: 352.81552pt x 176.408pt.


[78 <./gambar/Pembahasan/FIX_Render/Figure_1.png>]
<gambar/Pembahasan/FIX_Render/Figure_2.png, id=1261, 1011.78pt x 505.89pt>
File: gambar/Pembahasan/FIX_Render/Figure_2.png Graphic file (type png)
<use gambar/Pembahasan/FIX_Render/Figure_2.png>
Package pdftex.def Info: gambar/Pembahasan/FIX_Render/Figure_2.png  used on inp
ut line 661.
(pdftex.def)             Requested size: 352.81552pt x 176.408pt.
<gambar/Pembahasan/FIX_Render/Figure_3.png, id=1262, 1011.78pt x 505.89pt>
File: gambar/Pembahasan/FIX_Render/Figure_3.png Graphic file (type png)
<use gambar/Pembahasan/FIX_Render/Figure_3.png>
Package pdftex.def Info: gambar/Pembahasan/FIX_Render/Figure_3.png  used on inp
ut line 670.
(pdftex.def)             Requested size: 352.81552pt x 176.408pt.


[79 <./gambar/Pembahasan/FIX_Render/Figure_2.png>]

[80 <./gambar/Pembahasan/FIX_Render/Figure_3.png>]
<gambar/Pembahasan/FIX_CPU/Figure_1.png, id=1273, 1011.78pt x 505.89pt>
File: gambar/Pembahasan/FIX_CPU/Figure_1.png Graphic file (type png)
<use gambar/Pembahasan/FIX_CPU/Figure_1.png>
Package pdftex.def Info: gambar/Pembahasan/FIX_CPU/Figure_1.png  used on input 
line 710.
(pdftex.def)             Requested size: 352.81552pt x 176.408pt.


[81 <./gambar/Pembahasan/FIX_CPU/Figure_1.png>]
<gambar/Pembahasan/FIX_CPU/Figure_2.png, id=1279, 1011.78pt x 505.89pt>
File: gambar/Pembahasan/FIX_CPU/Figure_2.png Graphic file (type png)
<use gambar/Pembahasan/FIX_CPU/Figure_2.png>
Package pdftex.def Info: gambar/Pembahasan/FIX_CPU/Figure_2.png  used on input 
line 719.
(pdftex.def)             Requested size: 352.81552pt x 176.408pt.
<gambar/Pembahasan/FIX_CPU/Figure_3.png, id=1280, 1011.78pt x 505.89pt>
File: gambar/Pembahasan/FIX_CPU/Figure_3.png Graphic file (type png)
<use gambar/Pembahasan/FIX_CPU/Figure_3.png>
Package pdftex.def Info: gambar/Pembahasan/FIX_CPU/Figure_3.png  used on input 
line 728.
(pdftex.def)             Requested size: 352.81552pt x 176.408pt.


[82 <./gambar/Pembahasan/FIX_CPU/Figure_2.png>]
Overfull \hbox (48.85062pt too wide) in paragraph at lines 739--761
 [][] 
 []



[83 <./gambar/Pembahasan/FIX_CPU/Figure_3.png>]
<gambar/Pembahasan/FIX_Memori/Figure_1.png, id=1292, 939.51pt x 433.62pt>
File: gambar/Pembahasan/FIX_Memori/Figure_1.png Graphic file (type png)
<use gambar/Pembahasan/FIX_Memori/Figure_1.png>
Package pdftex.def Info: gambar/Pembahasan/FIX_Memori/Figure_1.png  used on inp
ut line 766.
(pdftex.def)             Requested size: 352.81552pt x 162.83867pt.


[84 <./gambar/Pembahasan/FIX_Memori/Figure_1.png>]
<gambar/Pembahasan/FIX_Memori/Figure_2.png, id=1298, 939.51pt x 433.62pt>
File: gambar/Pembahasan/FIX_Memori/Figure_2.png Graphic file (type png)
<use gambar/Pembahasan/FIX_Memori/Figure_2.png>
Package pdftex.def Info: gambar/Pembahasan/FIX_Memori/Figure_2.png  used on inp
ut line 786.
(pdftex.def)             Requested size: 352.81552pt x 162.83867pt.
<gambar/Pembahasan/FIX_Memori/Figure_3.png, id=1299, 939.51pt x 433.62pt>
File: gambar/Pembahasan/FIX_Memori/Figure_3.png Graphic file (type png)
<use gambar/Pembahasan/FIX_Memori/Figure_3.png>
Package pdftex.def Info: gambar/Pembahasan/FIX_Memori/Figure_3.png  used on inp
ut line 801.
(pdftex.def)             Requested size: 352.81552pt x 162.83867pt.


[85 <./gambar/Pembahasan/FIX_Memori/Figure_2.png>])

[86 <./gambar/Pembahasan/FIX_Memori/Figure_3.png>]
\openout2 = `chapters/bab5.aux'.

 (chapters/bab5.tex
Bab 5.
)

[87




] (chapters/daftarpustaka.tex (laporan_PA.bbl

[88




]

[89])) (chapters/lampiran1.tex

[90]

[1

]
\openout2 = `chapters/lembarPerbaikan.aux'.

 (chapters/lembarPerbaikan.tex
Overfull \hbox (654.78275pt too wide) in paragraph at lines 7--14
[][] 
 []


Overfull \hbox (0.93616pt too wide) in paragraph at lines 25--25
[]|\OT1/cmr/bx/n/12 BAB| 
 []


Overfull \hbox (1.86534pt too wide) in paragraph at lines 25--26
\OT1/cmr/bx/n/12 Per-ba-ik-an| 
 []


Overfull \hbox (3.26013pt too wide) in alignment at lines 23--43
 [] [] [] [] [] 
 []

)

[2

]) (chapters/lampiran2.tex)

[3



] (laporan_PA.aux (chapters/sampul.aux) (chapters/sampuldalam.aux)
(chapters/pengesahan.aux) (chapters/pernyataan.aux) (chapters/motto.aux)
(chapters/katapengantar.aux) (chapters/daftarisi.aux)
(chapters/daftargambar.aux) (chapters/daftartabel.aux)
(chapters/daftarsingkatan.aux) (chapters/abstrak.aux) (chapters/abstract.aux)
(chapters/bab1.aux) (chapters/bab2.aux) (chapters/bab3.aux) (chapters/bab4.aux)
(chapters/bab5.aux) (chapters/lembarPerbaikan.aux))
 ***********
LaTeX2e <2025-06-01> patch level 1
L3 programming layer <2025-05-26>
 ***********


LaTeX Warning: There were undefined references.


LaTeX Warning: There were multiply-defined labels.

Package rerunfilecheck Info: File `laporan_PA.out' has not changed.
(rerunfilecheck)             Checksum: 5519F244F34A932DC06F7520DA1274DB;10238.
 ) 
Here is how much of TeX's memory you used:
 38135 strings out of 468219
 784342 string characters out of 5433353
 1289302 words of memory out of 5000000
 65490 multiletter control sequences out of 15000+600000
 636538 words of font info for 74 fonts, out of 8000000 for 9000
 1144 hyphenation exceptions out of 8191
 121i,14n,124p,2547b,1342s stack positions out of 10000i,1000n,20000p,200000b,200000s
 <C:\Users\ASUS\AppData\Local\MiKTeX\fonts/pk/ljfour/jknappen/ec/dpi600\tcrm1
200.pk><C:/Users/ASUS/AppData/Local/Programs/MiKTeX/fonts/type1/public/amsfonts
/cm/cmbx10.pfb><C:/Users/ASUS/AppData/Local/Programs/MiKTeX/fonts/type1/public/
amsfonts/cm/cmbx12.pfb><C:/Users/ASUS/AppData/Local/Programs/MiKTeX/fonts/type1
/public/amsfonts/cm/cmbx8.pfb><C:/Users/ASUS/AppData/Local/Programs/MiKTeX/font
s/type1/public/amsfonts/cm/cmbxti10.pfb><C:/Users/ASUS/AppData/Local/Programs/M
iKTeX/fonts/type1/public/amsfonts/cm/cmmi12.pfb><C:/Users/ASUS/AppData/Local/Pr
ograms/MiKTeX/fonts/type1/public/amsfonts/cm/cmmi8.pfb><C:/Users/ASUS/AppData/L
ocal/Programs/MiKTeX/fonts/type1/public/amsfonts/cm/cmr10.pfb><C:/Users/ASUS/Ap
pData/Local/Programs/MiKTeX/fonts/type1/public/amsfonts/cm/cmr12.pfb><C:/Users/
ASUS/AppData/Local/Programs/MiKTeX/fonts/type1/public/amsfonts/cm/cmti10.pfb><C
:/Users/ASUS/AppData/Local/Programs/MiKTeX/fonts/type1/public/amsfonts/cm/cmti1
2.pfb><C:/Users/ASUS/AppData/Local/Programs/MiKTeX/fonts/type1/urw/courier/ucrr
8a.pfb>
Output written on laporan_PA.pdf (108 pages, 4259041 bytes).
PDF statistics:
 1518 PDF objects out of 1728 (max. 8388607)
 427 named destinations out of 1000 (max. 500000)
 979 words of extra memory for PDF output out of 10000 (max. 10000000)

